2026-04-30 01:11:14,408 [INFO] ============================================================
2026-04-30 01:11:14,409 [INFO]   TraFix v5 — Stage 3: Full PPO Training
2026-04-30 01:11:14,410 [INFO] ============================================================
2026-04-30 01:11:14,414 [INFO]   Device: cuda
2026-04-30 01:11:14,707 [INFO]   Pretrained weights loaded: GRU, GATConv, trunk
2026-04-30 01:11:14,707 [INFO]   Actor heads and critic head: randomly initialized
2026-04-30 01:11:14,708 [INFO]   Total params: 96,661
2026-04-30 01:11:14,709 [INFO]   Pretrained encoders frozen for first 50 episodes
2026-04-30 01:11:35,615 [INFO]   Ep   10/1200 | scenario=OFFPEAK | R=-0.2067 (avg50=-0.1971) | Q=0.170 W=0.096 | π=-0.0004 V=0.3051 | H=[J0=1.382 J1=1.385 J2=1.383 J3=1.384 J4=1.384] | LR=3.00e-04 | 1.8s | ep0009 | OFFPEAK | flow=263 veh/hr | duration=449 steps
2026-04-30 01:12:23,482 [INFO]   Ep   20/1200 | scenario=OFFPEAK | R=-0.2009 (avg50=-0.1864) | Q=0.161 W=0.078 | π=-0.0008 V=0.3040 | H=[J0=1.384 J1=1.385 J2=1.380 J3=1.384 J4=1.383] | LR=3.00e-04 | 1.6s | ep0019 | OFFPEAK | flow=390 veh/hr | duration=387 steps
2026-04-30 01:12:44,861 [INFO]   Ep   30/1200 | scenario=OFFPEAK | R=-0.1900 (avg50=-0.1824) | Q=0.133 W=0.087 | π=-0.0008 V=0.1998 | H=[J0=1.381 J1=1.384 J2=1.377 J3=1.384 J4=1.383] | LR=3.00e-04 | 1.6s | ep0029 | OFFPEAK | flow=283 veh/hr | duration=336 steps
2026-04-30 01:13:03,232 [INFO]   Ep   40/1200 | scenario=OFFPEAK | R=-0.2036 (avg50=-0.1856) | Q=0.150 W=0.075 | π=-0.0014 V=0.0388 | H=[J0=1.372 J1=1.380 J2=1.366 J3=1.382 J4=1.364] | LR=2.99e-04 | 1.7s | ep0039 | OFFPEAK | flow=476 veh/hr | duration=471 steps
2026-04-30 01:13:21,362 [INFO]   Ep   50/1200 | scenario=OFFPEAK | R=-0.1711 (avg50=-0.1850) | Q=0.123 W=0.082 | π=-0.0017 V=0.0257 | H=[J0=1.343 J1=1.381 J2=1.322 J3=1.380 J4=1.318] | LR=2.99e-04 | 2.1s | ep0049 | OFFPEAK | flow=494 veh/hr | duration=360 steps
2026-04-30 01:13:21,362 [INFO]   Episode 50: Pretrained encoders unfrozen
2026-04-30 01:13:40,366 [INFO]   Ep   60/1200 | scenario=OFFPEAK | R=-0.1689 (avg50=-0.1785) | Q=0.133 W=0.089 | π=-0.0022 V=0.0074 | H=[J0=1.318 J1=1.380 J2=1.255 J3=1.369 J4=1.134] | LR=2.98e-04 | 1.8s | ep0059 | OFFPEAK | flow=441 veh/hr | duration=482 steps
2026-04-30 01:13:57,660 [INFO]   Ep   70/1200 | scenario=OFFPEAK | R=-0.1579 (avg50=-0.1753) | Q=0.122 W=0.100 | π=-0.0041 V=0.0097 | H=[J0=1.177 J1=1.349 J2=1.183 J3=1.342 J4=0.682] | LR=2.98e-04 | 1.5s | ep0069 | OFFPEAK | flow=282 veh/hr | duration=372 steps
2026-04-30 01:14:18,587 [INFO]   Ep   80/1200 | scenario=OFFPEAK | R=-0.1007 (avg50=-0.1661) | Q=0.060 W=0.117 | π=-0.0011 V=0.0749 | H=[J0=0.650 J1=1.220 J2=0.979 J3=1.321 J4=0.306] | LR=2.97e-04 | 3.4s | ep0079 | OFFPEAK | flow=407 veh/hr | duration=368 steps
2026-04-30 03:07:14,742 [INFO] ============================================================
2026-04-30 03:07:14,742 [INFO]   TraFix v5 — Stage 3: Full PPO Training
2026-04-30 03:07:14,742 [INFO] ============================================================
2026-04-30 03:07:14,752 [INFO]   Device: cuda
2026-04-30 03:07:15,022 [INFO]   Pretrained weights loaded: GRU, GATConv, trunk
2026-04-30 03:07:15,022 [INFO]   Actor heads and critic head: randomly initialized
2026-04-30 03:07:15,022 [INFO]   Total params: 96,661
2026-04-30 03:07:15,022 [INFO]   Pretrained encoders frozen for first 50 episodes
2026-04-30 03:08:35,123 [INFO]   Ep   10/1200 | scenario=OFFPEAK | R=-0.1163 (avg50=-0.1231) | Q=0.075 W=0.112 | π=-0.0006 V=0.2700 | H=[J0=1.009 J1=0.647 J2=1.378 J3=0.729 J4=0.907] | LR=3.00e-04 | 8.3s | ep0009 | OFFPEAK | flow=348 veh/hr | duration=338 steps
2026-04-30 03:10:00,151 [INFO]   Ep   20/1200 | scenario=OFFPEAK | R=-0.1447 (avg50=-0.1238) | Q=0.104 W=0.111 | π=-0.0011 V=0.2538 | H=[J0=0.867 J1=0.604 J2=1.323 J3=0.815 J4=1.059] | LR=3.00e-04 | 8.3s | ep0019 | OFFPEAK | flow=491 veh/hr | duration=491 steps
2026-04-30 03:11:20,125 [INFO]   Ep   30/1200 | scenario=OFFPEAK | R=-0.1509 (avg50=-0.1231) | Q=0.115 W=0.113 | π=-0.0011 V=0.2145 | H=[J0=0.840 J1=0.739 J2=1.034 J3=0.782 J4=0.907] | LR=3.00e-04 | 7.3s | ep0029 | OFFPEAK | flow=499 veh/hr | duration=357 steps
2026-04-30 03:12:41,399 [INFO]   Ep   40/1200 | scenario=OFFPEAK | R=-0.0873 (avg50=-0.1223) | Q=0.059 W=0.126 | π=-0.0019 V=0.2904 | H=[J0=0.471 J1=0.376 J2=0.964 J3=0.524 J4=0.947] | LR=2.99e-04 | 8.7s | ep0039 | OFFPEAK | flow=289 veh/hr | duration=340 steps
2026-04-30 03:14:03,758 [INFO]   Ep   50/1200 | scenario=OFFPEAK | R=-0.1047 (avg50=-0.1200) | Q=0.079 W=0.124 | π=-0.0009 V=0.2926 | H=[J0=0.552 J1=0.517 J2=0.784 J3=0.773 J4=0.786] | LR=2.99e-04 | 8.1s | ep0049 | OFFPEAK | flow=448 veh/hr | duration=324 steps
2026-04-30 03:14:03,759 [INFO]   Episode 50: Pretrained encoders unfrozen
2026-04-30 03:15:17,561 [INFO]   Ep   60/1200 | scenario=OFFPEAK | R=-0.1135 (avg50=-0.1174) | Q=0.087 W=0.122 | π=-0.0009 V=0.2038 | H=[J0=0.757 J1=0.509 J2=0.585 J3=0.614 J4=0.718] | LR=2.98e-04 | 8.4s | ep0059 | OFFPEAK | flow=439 veh/hr | duration=481 steps
2026-04-30 03:16:39,016 [INFO]   Ep   70/1200 | scenario=OFFPEAK | R=-0.0790 (avg50=-0.1133) | Q=0.059 W=0.133 | π=-0.0012 V=0.1979 | H=[J0=0.381 J1=0.359 J2=0.436 J3=0.680 J4=0.375] | LR=2.98e-04 | 8.6s | ep0069 | OFFPEAK | flow=280 veh/hr | duration=336 steps
2026-04-30 03:18:04,334 [INFO]   Ep   80/1200 | scenario=OFFPEAK | R=-0.0719 (avg50=-0.1074) | Q=0.053 W=0.131 | π=-0.0016 V=0.2720 | H=[J0=0.385 J1=0.407 J2=0.467 J3=0.770 J4=0.497] | LR=2.97e-04 | 6.2s | ep0079 | OFFPEAK | flow=219 veh/hr | duration=432 steps
2026-04-30 03:19:23,945 [INFO]   Ep   90/1200 | scenario=OFFPEAK | R=-0.0688 (avg50=-0.1030) | Q=0.054 W=0.134 | π=-0.0002 V=0.2530 | H=[J0=0.506 J1=0.335 J2=0.403 J3=0.569 J4=0.493] | LR=2.96e-04 | 8.8s | ep0089 | OFFPEAK | flow=326 veh/hr | duration=497 steps
2026-04-30 03:20:44,077 [INFO]   Ep  100/1200 | scenario=OFFPEAK | R=-0.1171 (avg50=-0.1009) | Q=0.087 W=0.123 | π=-0.0015 V=0.2027 | H=[J0=0.742 J1=0.621 J2=0.665 J3=0.804 J4=0.751] | LR=2.95e-04 | 7.2s | ep0099 | OFFPEAK | flow=394 veh/hr | duration=461 steps
2026-04-30 03:20:44,098 [INFO]   → Checkpoint saved: X:\Yeni klasör\TraFixV5\trafix_v5\checkpoints\stage3_ep100.pt
2026-04-30 03:21:58,775 [INFO]   Ep  110/1200 | scenario=OFFPEAK | R=-0.0566 (avg50=-0.0943) | Q=0.041 W=0.138 | π=-0.0005 V=0.1111 | H=[J0=0.301 J1=0.282 J2=0.358 J3=0.529 J4=0.468] | LR=2.94e-04 | 7.5s | ep0109 | OFFPEAK | flow=258 veh/hr | duration=303 steps
2026-04-30 03:23:16,950 [INFO]   Ep  120/1200 | scenario=OFFPEAK | R=-0.1143 (avg50=-0.0913) | Q=0.087 W=0.123 | π=-0.0022 V=0.1884 | H=[J0=0.746 J1=0.594 J2=0.789 J3=0.818 J4=0.539] | LR=2.93e-04 | 9.1s | ep0119 | OFFPEAK | flow=409 veh/hr | duration=343 steps
2026-04-30 03:24:23,282 [INFO]   Ep  130/1200 | scenario=OFFPEAK | R=-0.0810 (avg50=-0.0904) | Q=0.065 W=0.133 | π=-0.0014 V=0.2916 | H=[J0=0.305 J1=0.344 J2=0.489 J3=0.948 J4=0.614] | LR=2.92e-04 | 6.8s | ep0129 | OFFPEAK | flow=221 veh/hr | duration=402 steps
2026-04-30 03:25:51,992 [INFO]   Ep  140/1200 | scenario=OFFPEAK | R=-0.0869 (avg50=-0.0902) | Q=0.066 W=0.130 | π=-0.0006 V=0.2455 | H=[J0=0.355 J1=0.302 J2=0.620 J3=0.602 J4=0.456] | LR=2.90e-04 | 8.2s | ep0139 | OFFPEAK | flow=327 veh/hr | duration=414 steps
2026-04-30 03:27:22,014 [INFO]   Ep  150/1200 | scenario=OFFPEAK | R=-0.1435 (avg50=-0.0893) | Q=0.121 W=0.133 | π=-0.0003 V=0.1790 | H=[J0=0.436 J1=0.424 J2=0.641 J3=0.544 J4=0.378] | LR=2.89e-04 | 7.2s | ep0149 | OFFPEAK | flow=385 veh/hr | duration=495 steps
2026-04-30 03:29:03,512 [INFO]   Ep  160/1200 | scenario=OFFPEAK | R=-0.1003 (avg50=-0.0913) | Q=0.080 W=0.137 | π=-0.0005 V=0.2779 | H=[J0=0.713 J1=0.204 J2=0.761 J3=0.178 J4=0.185] | LR=2.88e-04 | 11.1s | ep0159 | OFFPEAK | flow=298 veh/hr | duration=400 steps
2026-04-30 03:30:41,987 [INFO]   Ep  170/1200 | scenario=OFFPEAK | R=-0.0689 (avg50=-0.0892) | Q=0.056 W=0.141 | π=-0.0009 V=0.1648 | H=[J0=0.348 J1=0.253 J2=0.347 J3=0.235 J4=0.214] | LR=2.86e-04 | 10.7s | ep0169 | OFFPEAK | flow=309 veh/hr | duration=368 steps
2026-04-30 03:32:23,201 [INFO]   Ep  180/1200 | scenario=OFFPEAK | R=-0.0697 (avg50=-0.0891) | Q=0.058 W=0.139 | π=-0.0005 V=0.2357 | H=[J0=0.306 J1=0.247 J2=0.382 J3=0.255 J4=0.352] | LR=2.84e-04 | 9.2s | ep0179 | OFFPEAK | flow=345 veh/hr | duration=428 steps
2026-04-30 03:33:53,295 [INFO]   Ep  190/1200 | scenario=OFFPEAK | R=-0.0723 (avg50=-0.0854) | Q=0.059 W=0.140 | π=-0.0010 V=0.1101 | H=[J0=0.226 J1=0.320 J2=0.694 J3=0.343 J4=0.140] | LR=2.83e-04 | 10.3s | ep0189 | OFFPEAK | flow=218 veh/hr | duration=366 steps
2026-04-30 03:35:12,055 [INFO]   Ep  200/1200 | scenario=OFFPEAK | R=-0.0846 (avg50=-0.0844) | Q=0.071 W=0.135 | π=-0.0011 V=0.2359 | H=[J0=0.390 J1=0.417 J2=0.694 J3=0.408 J4=0.170] | LR=2.81e-04 | 7.4s | ep0199 | OFFPEAK | flow=341 veh/hr | duration=356 steps
2026-04-30 03:35:12,129 [INFO]   → Checkpoint saved: X:\Yeni klasör\TraFixV5\trafix_v5\checkpoints\stage3_ep200.pt
2026-04-30 03:37:28,677 [INFO]   Ep  210/1200 | scenario=OFFPEAK | R=-0.0955 (avg50=-0.1133) | Q=0.075 W=0.131 | π=-0.0009 V=0.2279 | H=[J0=0.355 J1=0.378 J2=0.965 J3=0.397 J4=0.286] | LR=2.79e-04 | 9.4s | ep0209 | OFFPEAK | flow=354 veh/hr | duration=386 steps
2026-04-30 03:39:57,605 [INFO]   Ep  220/1200 | scenario=MORNING_PEAK | R=-0.2041 (avg50=-0.1388) | Q=0.165 W=0.116 | π=-0.0007 V=0.1427 | H=[J0=0.845 J1=1.040 J2=0.977 J3=0.695 J4=0.272] | LR=2.77e-04 | 19.0s | ep0219 | MORNING_PEAK | main=971 veh/hr | side=235 veh/hr | duration=385 steps
2026-04-30 03:42:10,909 [INFO]   Ep  230/1200 | scenario=MORNING_PEAK | R=-0.2607 (avg50=-0.1594) | Q=0.221 W=0.108 | π=-0.0011 V=0.2271 | H=[J0=1.084 J1=1.147 J2=1.076 J3=0.939 J4=0.397] | LR=2.75e-04 | 12.4s | ep0229 | MORNING_PEAK | main=1052 veh/hr | side=161 veh/hr | duration=388 steps
2026-04-30 03:44:03,198 [INFO]   Ep  240/1200 | scenario=MORNING_PEAK | R=-0.2527 (avg50=-0.1780) | Q=0.206 W=0.108 | π=-0.0021 V=0.1583 | H=[J0=1.045 J1=1.190 J2=1.250 J3=0.966 J4=0.249] | LR=2.72e-04 | 8.9s | ep0239 | MORNING_PEAK | main=819 veh/hr | side=156 veh/hr | duration=456 steps
2026-04-30 03:45:30,558 [INFO]   Ep  250/1200 | scenario=OFFPEAK | R=-0.0841 (avg50=-0.1823) | Q=0.067 W=0.141 | π=-0.0007 V=0.1790 | H=[J0=0.196 J1=0.238 J2=0.593 J3=0.234 J4=0.168] | LR=2.70e-04 | 8.4s | ep0249 | OFFPEAK | flow=353 veh/hr | duration=302 steps
2026-04-30 03:47:14,132 [INFO]   Ep  260/1200 | scenario=EVENING_PEAK | R=-0.2237 (avg50=-0.1632) | Q=0.175 W=0.114 | π=-0.0016 V=0.2283 | H=[J0=0.522 J1=0.738 J2=1.012 J3=1.040 J4=0.902] | LR=2.68e-04 | 12.1s | ep0259 | EVENING_PEAK | main=1128 veh/hr | side=212 veh/hr | duration=469 steps
2026-04-30 03:48:53,967 [INFO]   Ep  270/1200 | scenario=OFFPEAK | R=-0.1123 (avg50=-0.1508) | Q=0.093 W=0.134 | π=-0.0001 V=0.1833 | H=[J0=0.362 J1=0.396 J2=0.801 J3=0.379 J4=0.186] | LR=2.65e-04 | 9.3s | ep0269 | OFFPEAK | flow=418 veh/hr | duration=377 steps
2026-04-30 03:50:30,287 [INFO]   Ep  280/1200 | scenario=OFFPEAK | R=-0.0745 (avg50=-0.1446) | Q=0.062 W=0.140 | π=-0.0011 V=0.2264 | H=[J0=0.205 J1=0.224 J2=0.563 J3=0.279 J4=0.129] | LR=2.63e-04 | 6.8s | ep0279 | OFFPEAK | flow=339 veh/hr | duration=455 steps
2026-04-30 03:52:11,839 [INFO]   Ep  290/1200 | scenario=EVENING_PEAK | R=-0.2371 (avg50=-0.1507) | Q=0.190 W=0.115 | π=-0.0022 V=0.1697 | H=[J0=0.440 J1=0.698 J2=0.984 J3=0.964 J4=0.909] | LR=2.60e-04 | 10.0s | ep0289 | EVENING_PEAK | main=1041 veh/hr | side=137 veh/hr | duration=390 steps
2026-04-30 03:53:45,762 [INFO]   Ep  300/1200 | scenario=MORNING_PEAK | R=-0.3043 (avg50=-0.1660) | Q=0.294 W=0.112 | π=-0.0013 V=0.2620 | H=[J0=1.152 J1=1.066 J2=1.199 J3=0.747 J4=0.277] | LR=2.58e-04 | 9.5s | ep0299 | MORNING_PEAK | main=1162 veh/hr | side=209 veh/hr | duration=368 steps
2026-04-30 03:53:45,777 [INFO]   → Checkpoint saved: X:\Yeni klasör\TraFixV5\trafix_v5\checkpoints\stage3_ep300.pt
2026-04-30 03:55:17,537 [INFO]   Ep  310/1200 | scenario=OFFPEAK | R=-0.0668 (avg50=-0.1635) | Q=0.055 W=0.141 | π=-0.0004 V=0.1949 | H=[J0=0.186 J1=0.188 J2=0.420 J3=0.171 J4=0.117] | LR=2.55e-04 | 9.5s | ep0309 | OFFPEAK | flow=293 veh/hr | duration=438 steps
2026-04-30 03:57:11,125 [INFO]   Ep  320/1200 | scenario=OFFPEAK | R=-0.1100 (avg50=-0.1681) | Q=0.087 W=0.132 | π=-0.0011 V=0.1752 | H=[J0=0.305 J1=0.361 J2=0.942 J3=0.387 J4=0.218] | LR=2.52e-04 | 8.4s | ep0319 | OFFPEAK | flow=462 veh/hr | duration=339 steps
2026-04-30 03:58:37,429 [INFO]   Ep  330/1200 | scenario=MORNING_PEAK | R=-0.2480 (avg50=-0.1683) | Q=0.202 W=0.109 | π=-0.0041 V=0.1976 | H=[J0=1.204 J1=1.214 J2=1.306 J3=0.931 J4=0.359] | LR=2.49e-04 | 9.1s | ep0329 | MORNING_PEAK | main=802 veh/hr | side=188 veh/hr | duration=492 steps
2026-04-30 04:00:03,653 [INFO]   Ep  340/1200 | scenario=OFFPEAK | R=-0.1126 (avg50=-0.1562) | Q=0.091 W=0.131 | π=-0.0009 V=0.2581 | H=[J0=0.294 J1=0.400 J2=0.869 J3=0.364 J4=0.278] | LR=2.46e-04 | 7.8s | ep0339 | OFFPEAK | flow=467 veh/hr | duration=365 steps
2026-04-30 04:01:52,006 [INFO]   Ep  350/1200 | scenario=EVENING_PEAK | R=-0.1904 (avg50=-0.1583) | Q=0.146 W=0.116 | π=-0.0018 V=0.1511 | H=[J0=0.439 J1=0.680 J2=1.035 J3=0.865 J4=0.814] | LR=2.43e-04 | 11.9s | ep0349 | EVENING_PEAK | main=1009 veh/hr | side=269 veh/hr | duration=308 steps
2026-04-30 04:03:22,380 [INFO]   Ep  360/1200 | scenario=EVENING_PEAK | R=-0.2636 (avg50=-0.1677) | Q=0.206 W=0.107 | π=-0.0007 V=0.2094 | H=[J0=0.532 J1=0.977 J2=1.065 J3=1.061 J4=1.066] | LR=2.40e-04 | 9.2s | ep0359 | EVENING_PEAK | main=1152 veh/hr | side=263 veh/hr | duration=343 steps
2026-04-30 04:04:58,792 [INFO]   Ep  370/1200 | scenario=OFFPEAK | R=-0.0555 (avg50=-0.1610) | Q=0.040 W=0.139 | π=-0.0006 V=0.1738 | H=[J0=0.154 J1=0.215 J2=1.168 J3=0.186 J4=0.101] | LR=2.37e-04 | 7.4s | ep0369 | OFFPEAK | flow=234 veh/hr | duration=436 steps
2026-04-30 04:06:30,667 [INFO]   Ep  380/1200 | scenario=EVENING_PEAK | R=-0.2012 (avg50=-0.1594) | Q=0.159 W=0.121 | π=-0.0012 V=0.2453 | H=[J0=0.305 J1=0.612 J2=0.880 J3=0.747 J4=0.876] | LR=2.34e-04 | 12.6s | ep0379 | EVENING_PEAK | main=1142 veh/hr | side=215 veh/hr | duration=419 steps
2026-04-30 04:07:54,063 [INFO]   Ep  390/1200 | scenario=OFFPEAK | R=-0.0671 (avg50=-0.1633) | Q=0.056 W=0.142 | π=-0.0007 V=0.2263 | H=[J0=0.144 J1=0.243 J2=0.479 J3=0.270 J4=0.173] | LR=2.31e-04 | 9.2s | ep0389 | OFFPEAK | flow=315 veh/hr | duration=414 steps
2026-04-30 04:09:20,881 [INFO]   Ep  400/1200 | scenario=MORNING_PEAK | R=-0.2471 (avg50=-0.1595) | Q=0.181 W=0.110 | π=-0.0019 V=0.2444 | H=[J0=1.088 J1=1.124 J2=1.136 J3=0.575 J4=0.150] | LR=2.28e-04 | 8.1s | ep0399 | MORNING_PEAK | main=1131 veh/hr | side=152 veh/hr | duration=406 steps
2026-04-30 04:09:20,896 [INFO]   → Checkpoint saved: X:\Yeni klasör\TraFixV5\trafix_v5\checkpoints\stage3_ep400.pt
2026-04-30 04:10:50,737 [INFO]   Ep  410/1200 | scenario=OFFPEAK | R=-0.0917 (avg50=-0.1551) | Q=0.077 W=0.136 | π=-0.0002 V=0.2622 | H=[J0=0.247 J1=0.371 J2=0.602 J3=0.392 J4=0.286] | LR=2.24e-04 | 8.2s | ep0409 | OFFPEAK | flow=410 veh/hr | duration=479 steps
2026-04-30 04:12:13,489 [INFO]   Ep  420/1200 | scenario=OFFPEAK | R=-0.0830 (avg50=-0.1577) | Q=0.067 W=0.137 | π=-0.0003 V=0.2515 | H=[J0=0.324 J1=0.342 J2=0.672 J3=0.320 J4=0.162] | LR=2.21e-04 | 7.6s | ep0419 | OFFPEAK | flow=322 veh/hr | duration=463 steps
2026-04-30 04:13:32,904 [INFO]   Ep  430/1200 | scenario=OFFPEAK | R=-0.0653 (avg50=-0.1669) | Q=0.056 W=0.140 | π=-0.0001 V=0.2305 | H=[J0=0.263 J1=0.272 J2=0.485 J3=0.218 J4=0.090] | LR=2.18e-04 | 7.0s | ep0429 | OFFPEAK | flow=323 veh/hr | duration=494 steps
2026-04-30 04:15:00,623 [INFO]   Ep  440/1200 | scenario=EVENING_PEAK | R=-0.2243 (avg50=-0.1716) | Q=0.152 W=0.114 | π=-0.0012 V=0.2163 | H=[J0=0.516 J1=0.797 J2=0.886 J3=1.060 J4=1.119] | LR=2.14e-04 | 8.9s | ep0439 | EVENING_PEAK | main=969 veh/hr | side=138 veh/hr | duration=426 steps
2026-04-30 04:16:22,507 [INFO]   Ep  450/1200 | scenario=OFFPEAK | R=-0.0883 (avg50=-0.1634) | Q=0.073 W=0.142 | π=-0.0001 V=0.2481 | H=[J0=0.237 J1=0.295 J2=0.613 J3=0.225 J4=0.147] | LR=2.11e-04 | 11.2s | ep0449 | OFFPEAK | flow=408 veh/hr | duration=443 steps
2026-04-30 04:17:43,211 [INFO]   Ep  460/1200 | scenario=EVENING_PEAK | R=-0.2255 (avg50=-0.1631) | Q=0.154 W=0.110 | π=-0.0019 V=0.2619 | H=[J0=0.595 J1=0.775 J2=0.775 J3=1.007 J4=1.031] | LR=2.07e-04 | 9.0s | ep0459 | EVENING_PEAK | main=1003 veh/hr | side=190 veh/hr | duration=479 steps
2026-04-30 04:19:07,677 [INFO]   Ep  470/1200 | scenario=EVENING_PEAK | R=-0.2535 (avg50=-0.1609) | Q=0.196 W=0.110 | π=-0.0021 V=0.2778 | H=[J0=0.586 J1=0.961 J2=0.888 J3=0.924 J4=1.053] | LR=2.04e-04 | 9.0s | ep0469 | EVENING_PEAK | main=1045 veh/hr | side=222 veh/hr | duration=319 steps
2026-04-30 04:20:34,661 [INFO]   Ep  480/1200 | scenario=EVENING_PEAK | R=-0.2310 (avg50=-0.1597) | Q=0.157 W=0.109 | π=-0.0014 V=0.3108 | H=[J0=0.453 J1=0.844 J2=0.932 J3=1.080 J4=1.143] | LR=2.00e-04 | 8.6s | ep0479 | EVENING_PEAK | main=1032 veh/hr | side=192 veh/hr | duration=349 steps
2026-04-30 04:21:50,433 [INFO]   Ep  490/1200 | scenario=MORNING_PEAK | R=-0.2576 (avg50=-0.1549) | Q=0.194 W=0.107 | π=-0.0034 V=0.2055 | H=[J0=1.031 J1=1.110 J2=1.143 J3=0.888 J4=0.275] | LR=1.96e-04 | 8.7s | ep0489 | MORNING_PEAK | main=1183 veh/hr | side=289 veh/hr | duration=438 steps
2026-04-30 04:23:17,552 [INFO]   Ep  500/1200 | scenario=OFFPEAK | R=-0.0632 (avg50=-0.1499) | Q=0.052 W=0.140 | π=-0.0002 V=0.2215 | H=[J0=0.223 J1=0.260 J2=0.590 J3=0.288 J4=0.120] | LR=1.93e-04 | 8.0s | ep0499 | OFFPEAK | flow=303 veh/hr | duration=378 steps
2026-04-30 04:23:17,567 [INFO]   → Checkpoint saved: X:\Yeni klasör\TraFixV5\trafix_v5\checkpoints\stage3_ep500.pt
2026-04-30 04:24:44,304 [INFO]   Ep  510/1200 | scenario=MORNING_PEAK | R=-0.1812 (avg50=-0.1577) | Q=0.128 W=0.121 | π=-0.0016 V=0.1811 | H=[J0=0.838 J1=0.861 J2=0.884 J3=0.503 J4=0.072] | LR=1.89e-04 | 10.6s | ep0509 | MORNING_PEAK | main=1002 veh/hr | side=259 veh/hr | duration=315 steps
2026-04-30 04:26:06,168 [INFO]   Ep  520/1200 | scenario=INCIDENT | R=-0.0223 (avg50=-0.1603) | Q=0.009 W=0.147 | π=-0.0007 V=0.2206 | H=[J0=0.333 J1=0.178 J2=0.255 J3=0.091 J4=0.023] | LR=1.85e-04 | 6.8s | ep0519 | INCIDENT | flow=354 veh/hr | junction=J0 | onset=128s | block=82s | duration=384 steps
2026-04-30 04:27:27,305 [INFO]   Ep  530/1200 | scenario=MORNING_PEAK | R=-0.2219 (avg50=-0.1538) | Q=0.152 W=0.111 | π=-0.0018 V=0.2361 | H=[J0=1.026 J1=1.111 J2=1.028 J3=0.671 J4=0.059] | LR=1.82e-04 | 8.3s | ep0529 | MORNING_PEAK | main=1124 veh/hr | side=147 veh/hr | duration=468 steps
2026-04-30 04:28:44,187 [INFO]   Ep  540/1200 | scenario=OFFPEAK | R=-0.0821 (avg50=-0.1467) | Q=0.065 W=0.135 | π=-0.0008 V=0.1993 | H=[J0=0.339 J1=0.485 J2=1.033 J3=0.338 J4=0.136] | LR=1.78e-04 | 8.0s | ep0539 | OFFPEAK | flow=375 veh/hr | duration=312 steps
2026-04-30 04:30:12,066 [INFO]   Ep  550/1200 | scenario=OFFPEAK | R=-0.0911 (avg50=-0.1576) | Q=0.075 W=0.133 | π=-0.0010 V=0.1506 | H=[J0=0.330 J1=0.473 J2=0.711 J3=0.381 J4=0.194] | LR=1.74e-04 | 8.2s | ep0549 | OFFPEAK | flow=418 veh/hr | duration=416 steps
2026-04-30 04:31:35,956 [INFO]   Ep  560/1200 | scenario=EVENING_PEAK | R=-0.2388 (avg50=-0.1494) | Q=0.194 W=0.119 | π=-0.0009 V=0.2809 | H=[J0=0.243 J1=0.885 J2=0.625 J3=0.846 J4=1.062] | LR=1.70e-04 | 8.2s | ep0559 | EVENING_PEAK | main=851 veh/hr | side=243 veh/hr | duration=459 steps
2026-04-30 04:32:54,287 [INFO]   Ep  570/1200 | scenario=INCIDENT | R=-0.0546 (avg50=-0.1420) | Q=0.023 W=0.136 | π=-0.0007 V=0.1592 | H=[J0=0.413 J1=0.644 J2=1.035 J3=0.216 J4=0.027] | LR=1.67e-04 | 7.7s | ep0569 | INCIDENT | flow=473 veh/hr | junction=J1 | onset=177s | block=99s | duration=484 steps
2026-04-30 04:34:09,359 [INFO]   Ep  580/1200 | scenario=INCIDENT | R=-0.0340 (avg50=-0.1375) | Q=0.008 W=0.135 | π=-0.0014 V=0.1642 | H=[J0=0.275 J1=0.726 J2=0.796 J3=0.206 J4=0.041] | LR=1.63e-04 | 7.7s | ep0579 | INCIDENT | flow=448 veh/hr | junction=J0 | onset=128s | block=80s | duration=498 steps
2026-04-30 04:35:24,636 [INFO]   Ep  590/1200 | scenario=MORNING_PEAK | R=-0.1955 (avg50=-0.1384) | Q=0.135 W=0.119 | π=-0.0006 V=0.2155 | H=[J0=0.890 J1=1.054 J2=1.042 J3=0.596 J4=0.099] | LR=1.59e-04 | 8.4s | ep0589 | MORNING_PEAK | main=848 veh/hr | side=114 veh/hr | duration=459 steps
2026-04-30 04:36:44,776 [INFO]   Ep  600/1200 | scenario=MORNING_PEAK | R=-0.2162 (avg50=-0.1302) | Q=0.164 W=0.120 | π=-0.0010 V=0.1819 | H=[J0=0.925 J1=1.008 J2=1.043 J3=0.412 J4=0.139] | LR=1.55e-04 | 8.5s | ep0599 | MORNING_PEAK | main=882 veh/hr | side=250 veh/hr | duration=373 steps
2026-04-30 04:36:44,792 [INFO]   → Checkpoint saved: X:\Yeni klasör\TraFixV5\trafix_v5\checkpoints\stage3_ep600.pt
2026-04-30 04:38:07,262 [INFO]   Ep  610/1200 | scenario=EVENING_PEAK | R=-0.2023 (avg50=-0.1425) | Q=0.143 W=0.114 | π=-0.0011 V=0.2208 | H=[J0=0.303 J1=0.727 J2=0.866 J3=1.018 J4=0.959] | LR=1.51e-04 | 8.2s | ep0609 | EVENING_PEAK | main=831 veh/hr | side=291 veh/hr | duration=443 steps
2026-04-30 04:39:32,295 [INFO]   Ep  620/1200 | scenario=OFFPEAK | R=-0.0916 (avg50=-0.1518) | Q=0.074 W=0.135 | π=-0.0004 V=0.2399 | H=[J0=0.465 J1=0.298 J2=0.899 J3=0.256 J4=0.199] | LR=1.48e-04 | 7.3s | ep0619 | OFFPEAK | flow=325 veh/hr | duration=450 steps
2026-04-30 04:40:57,390 [INFO]   Ep  630/1200 | scenario=MORNING_PEAK | R=-0.1875 (avg50=-0.1539) | Q=0.124 W=0.122 | π=-0.0011 V=0.2356 | H=[J0=0.761 J1=0.939 J2=0.883 J3=0.368 J4=0.046] | LR=1.44e-04 | 8.3s | ep0629 | MORNING_PEAK | main=878 veh/hr | side=174 veh/hr | duration=338 steps
2026-04-30 04:42:26,494 [INFO]   Ep  640/1200 | scenario=EVENING_PEAK | R=-0.1954 (avg50=-0.1549) | Q=0.130 W=0.123 | π=-0.0006 V=0.2679 | H=[J0=0.217 J1=0.658 J2=0.578 J3=0.813 J4=0.914] | LR=1.40e-04 | 9.2s | ep0639 | EVENING_PEAK | main=1164 veh/hr | side=196 veh/hr | duration=317 steps
2026-04-30 04:43:56,107 [INFO]   Ep  650/1200 | scenario=EVENING_PEAK | R=-0.2538 (avg50=-0.1596) | Q=0.207 W=0.110 | π=-0.0016 V=0.2302 | H=[J0=0.357 J1=0.747 J2=0.771 J3=0.901 J4=0.899] | LR=1.36e-04 | 9.0s | ep0649 | EVENING_PEAK | main=1158 veh/hr | side=280 veh/hr | duration=379 steps
2026-04-30 04:45:19,449 [INFO]   Ep  660/1200 | scenario=EVENING_PEAK | R=-0.2122 (avg50=-0.1470) | Q=0.160 W=0.119 | π=-0.0003 V=0.2766 | H=[J0=0.272 J1=0.741 J2=0.556 J3=0.827 J4=0.941] | LR=1.32e-04 | 9.0s | ep0659 | EVENING_PEAK | main=1006 veh/hr | side=232 veh/hr | duration=481 steps
2026-04-30 04:46:43,352 [INFO]   Ep  670/1200 | scenario=EVENING_PEAK | R=-0.1726 (avg50=-0.1494) | Q=0.106 W=0.120 | π=-0.0011 V=0.2068 | H=[J0=0.204 J1=0.668 J2=0.482 J3=0.933 J4=0.930] | LR=1.29e-04 | 8.5s | ep0669 | EVENING_PEAK | main=819 veh/hr | side=139 veh/hr | duration=500 steps
2026-04-30 04:48:15,191 [INFO]   Ep  680/1200 | scenario=EVENING_PEAK | R=-0.1869 (avg50=-0.1576) | Q=0.141 W=0.122 | π=-0.0011 V=0.1800 | H=[J0=0.322 J1=0.648 J2=0.679 J3=0.839 J4=0.825] | LR=1.25e-04 | 9.1s | ep0679 | EVENING_PEAK | main=840 veh/hr | side=258 veh/hr | duration=412 steps
2026-04-30 04:49:38,443 [INFO]   Ep  690/1200 | scenario=OFFPEAK | R=-0.0762 (avg50=-0.1550) | Q=0.061 W=0.139 | π=-0.0005 V=0.1971 | H=[J0=0.232 J1=0.280 J2=0.669 J3=0.197 J4=0.087] | LR=1.21e-04 | 8.0s | ep0689 | OFFPEAK | flow=374 veh/hr | duration=442 steps
2026-04-30 04:50:53,908 [INFO]   Ep  700/1200 | scenario=OFFPEAK | R=-0.0956 (avg50=-0.1497) | Q=0.073 W=0.130 | π=-0.0007 V=0.3146 | H=[J0=0.357 J1=0.393 J2=0.851 J3=0.387 J4=0.248] | LR=1.18e-04 | 7.4s | ep0699 | OFFPEAK | flow=470 veh/hr | duration=354 steps
2026-04-30 04:50:53,923 [INFO]   → Checkpoint saved: X:\Yeni klasör\TraFixV5\trafix_v5\checkpoints\stage3_ep700.pt
2026-04-30 04:52:16,218 [INFO]   Ep  710/1200 | scenario=OFFPEAK | R=-0.0553 (avg50=-0.1522) | Q=0.042 W=0.142 | π=-0.0010 V=0.1779 | H=[J0=0.167 J1=0.253 J2=0.721 J3=0.175 J4=0.123] | LR=1.14e-04 | 7.6s | ep0709 | OFFPEAK | flow=210 veh/hr | duration=341 steps
2026-04-30 04:53:38,178 [INFO]   Ep  720/1200 | scenario=EVENING_PEAK | R=-0.2081 (avg50=-0.1528) | Q=0.149 W=0.121 | π=-0.0007 V=0.2633 | H=[J0=0.277 J1=0.631 J2=0.566 J3=0.848 J4=0.895] | LR=1.10e-04 | 9.9s | ep0719 | EVENING_PEAK | main=1152 veh/hr | side=116 veh/hr | duration=482 steps
2026-04-30 04:55:00,238 [INFO]   Ep  730/1200 | scenario=EVENING_PEAK | R=-0.2180 (avg50=-0.1445) | Q=0.152 W=0.118 | π=-0.0005 V=0.2655 | H=[J0=0.259 J1=0.687 J2=0.585 J3=0.930 J4=0.925] | LR=1.07e-04 | 8.4s | ep0729 | EVENING_PEAK | main=993 veh/hr | side=257 veh/hr | duration=402 steps
2026-04-30 04:56:22,445 [INFO]   Ep  740/1200 | scenario=MORNING_PEAK | R=-0.1953 (avg50=-0.1515) | Q=0.150 W=0.125 | π=-0.0004 V=0.1735 | H=[J0=0.741 J1=0.925 J2=0.720 J3=0.252 J4=0.056] | LR=1.03e-04 | 9.7s | ep0739 | MORNING_PEAK | main=1092 veh/hr | side=138 veh/hr | duration=313 steps
2026-04-30 04:57:45,928 [INFO]   Ep  750/1200 | scenario=MORNING_PEAK | R=-0.1725 (avg50=-0.1553) | Q=0.116 W=0.127 | π=-0.0006 V=0.1886 | H=[J0=0.783 J1=0.991 J2=0.649 J3=0.206 J4=0.023] | LR=9.96e-05 | 8.3s | ep0749 | MORNING_PEAK | main=807 veh/hr | side=138 veh/hr | duration=424 steps
2026-04-30 04:59:10,528 [INFO]   Ep  760/1200 | scenario=EVENING_PEAK | R=-0.1861 (avg50=-0.1464) | Q=0.125 W=0.123 | π=-0.0004 V=0.2315 | H=[J0=0.274 J1=0.628 J2=0.509 J3=0.844 J4=0.854] | LR=9.62e-05 | 9.0s | ep0759 | EVENING_PEAK | main=972 veh/hr | side=128 veh/hr | duration=444 steps
2026-04-30 05:00:37,203 [INFO]   Ep  770/1200 | scenario=MORNING_PEAK | R=-0.2238 (avg50=-0.1415) | Q=0.169 W=0.118 | π=-0.0005 V=0.2146 | H=[J0=0.854 J1=1.014 J2=0.835 J3=0.437 J4=0.132] | LR=9.27e-05 | 8.6s | ep0769 | MORNING_PEAK | main=1156 veh/hr | side=292 veh/hr | duration=321 steps
2026-04-30 05:01:57,594 [INFO]   Ep  780/1200 | scenario=MORNING_PEAK | R=-0.1571 (avg50=-0.1355) | Q=0.105 W=0.127 | π=-0.0005 V=0.2004 | H=[J0=0.649 J1=0.811 J2=0.676 J3=0.204 J4=0.052] | LR=8.93e-05 | 9.3s | ep0779 | MORNING_PEAK | main=806 veh/hr | side=168 veh/hr | duration=376 steps
2026-04-30 05:03:26,424 [INFO]   Ep  790/1200 | scenario=MORNING_PEAK | R=-0.2175 (avg50=-0.1396) | Q=0.157 W=0.120 | π=-0.0004 V=0.2444 | H=[J0=0.944 J1=1.060 J2=0.791 J3=0.290 J4=0.036] | LR=8.59e-05 | 8.5s | ep0789 | MORNING_PEAK | main=1097 veh/hr | side=183 veh/hr | duration=375 steps
2026-04-30 05:04:47,340 [INFO]   Ep  800/1200 | scenario=OFFPEAK | R=-0.0747 (avg50=-0.1391) | Q=0.061 W=0.139 | π=-0.0002 V=0.1623 | H=[J0=0.179 J1=0.292 J2=0.485 J3=0.271 J4=0.090] | LR=8.26e-05 | 6.2s | ep0799 | OFFPEAK | flow=364 veh/hr | duration=496 steps
2026-04-30 05:04:47,356 [INFO]   → Checkpoint saved: X:\Yeni klasör\TraFixV5\trafix_v5\checkpoints\stage3_ep800.pt
2026-04-30 05:06:06,832 [INFO]   Ep  810/1200 | scenario=INCIDENT | R=-0.0449 (avg50=-0.1400) | Q=0.023 W=0.147 | π=-0.0002 V=0.1613 | H=[J0=0.258 J1=0.385 J2=0.381 J3=0.027 J4=0.012] | LR=7.93e-05 | 7.5s | ep0809 | INCIDENT | flow=418 veh/hr | junction=J1 | onset=142s | block=121s | duration=351 steps
2026-04-30 05:07:21,700 [INFO]   Ep  820/1200 | scenario=EVENING_PEAK | R=-0.2637 (avg50=-0.1317) | Q=0.214 W=0.115 | π=-0.0003 V=0.3490 | H=[J0=0.637 J1=0.669 J2=0.639 J3=0.948 J4=1.025] | LR=7.61e-05 | 8.5s | ep0819 | EVENING_PEAK | main=1099 veh/hr | side=239 veh/hr | duration=498 steps
2026-04-30 05:08:41,638 [INFO]   Ep  830/1200 | scenario=MORNING_PEAK | R=-0.2111 (avg50=-0.1272) | Q=0.152 W=0.124 | π=-0.0002 V=0.2192 | H=[J0=0.847 J1=1.036 J2=0.714 J3=0.331 J4=0.051] | LR=7.30e-05 | 8.3s | ep0829 | MORNING_PEAK | main=963 veh/hr | side=122 veh/hr | duration=388 steps
2026-04-30 05:10:04,728 [INFO]   Ep  840/1200 | scenario=OFFPEAK | R=-0.0722 (avg50=-0.1210) | Q=0.054 W=0.140 | π=-0.0001 V=0.1950 | H=[J0=0.187 J1=0.292 J2=0.488 J3=0.272 J4=0.146] | LR=6.99e-05 | 8.0s | ep0839 | OFFPEAK | flow=293 veh/hr | duration=389 steps
2026-04-30 05:11:31,477 [INFO]   Ep  850/1200 | scenario=INCIDENT | R=-0.0605 (avg50=-0.1193) | Q=0.037 W=0.142 | π=-0.0001 V=0.1218 | H=[J0=0.161 J1=0.270 J2=0.405 J3=0.342 J4=0.295] | LR=6.68e-05 | 7.6s | ep0849 | INCIDENT | flow=423 veh/hr | junction=J4 | onset=120s | block=130s | duration=482 steps
2026-04-30 05:12:47,866 [INFO]   Ep  860/1200 | scenario=MORNING_PEAK | R=-0.2146 (avg50=-0.1160) | Q=0.172 W=0.124 | π=-0.0007 V=0.1538 | H=[J0=0.884 J1=0.996 J2=0.812 J3=0.378 J4=0.065] | LR=6.38e-05 | 8.4s | ep0859 | MORNING_PEAK | main=961 veh/hr | side=262 veh/hr | duration=468 steps
2026-04-30 05:14:07,167 [INFO]   Ep  870/1200 | scenario=MORNING_PEAK | R=-0.2136 (avg50=-0.1130) | Q=0.155 W=0.123 | π=-0.0002 V=0.2486 | H=[J0=0.810 J1=1.033 J2=0.804 J3=0.364 J4=0.083] | LR=6.09e-05 | 8.2s | ep0869 | MORNING_PEAK | main=1086 veh/hr | side=167 veh/hr | duration=429 steps
2026-04-30 05:15:33,732 [INFO]   Ep  880/1200 | scenario=OFFPEAK | R=-0.0586 (avg50=-0.1201) | Q=0.048 W=0.145 | π=-0.0002 V=0.1656 | H=[J0=0.200 J1=0.211 J2=0.471 J3=0.148 J4=0.068] | LR=5.81e-05 | 10.4s | ep0879 | OFFPEAK | flow=283 veh/hr | duration=419 steps
2026-04-30 05:16:57,898 [INFO]   Ep  890/1200 | scenario=EVENING_PEAK | R=-0.2237 (avg50=-0.1184) | Q=0.182 W=0.117 | π=-0.0007 V=0.2166 | H=[J0=0.415 J1=0.671 J2=0.549 J3=0.786 J4=0.825] | LR=5.53e-05 | 9.8s | ep0889 | EVENING_PEAK | main=1191 veh/hr | side=262 veh/hr | duration=371 steps
2026-04-30 05:18:18,923 [INFO]   Ep  900/1200 | scenario=INCIDENT | R=-0.0405 (avg50=-0.1199) | Q=0.023 W=0.143 | π=-0.0002 V=0.1634 | H=[J0=0.133 J1=0.135 J2=0.430 J3=0.175 J4=0.173] | LR=5.25e-05 | 9.5s | ep0899 | INCIDENT | flow=275 veh/hr | junction=J4 | onset=61s | block=115s | duration=498 steps
2026-04-30 05:18:18,938 [INFO]   → Checkpoint saved: X:\Yeni klasör\TraFixV5\trafix_v5\checkpoints\stage3_ep900.pt
2026-04-30 05:19:39,169 [INFO]   Ep  910/1200 | scenario=EVENING_PEAK | R=-0.2302 (avg50=-0.1274) | Q=0.164 W=0.120 | π=-0.0005 V=0.3471 | H=[J0=0.264 J1=0.573 J2=0.395 J3=0.937 J4=0.984] | LR=4.99e-05 | 8.1s | ep0909 | EVENING_PEAK | main=1160 veh/hr | side=180 veh/hr | duration=438 steps
2026-04-30 05:21:02,375 [INFO]   Ep  920/1200 | scenario=INCIDENT | R=-0.0337 (avg50=-0.1317) | Q=0.017 W=0.146 | π=-0.0001 V=0.1187 | H=[J0=0.230 J1=0.274 J2=0.325 J3=0.013 J4=0.008] | LR=4.73e-05 | 7.8s | ep0919 | INCIDENT | flow=461 veh/hr | junction=J1 | onset=196s | block=117s | duration=440 steps
2026-04-30 05:22:26,257 [INFO]   Ep  930/1200 | scenario=EVENING_PEAK | R=-0.2121 (avg50=-0.1344) | Q=0.150 W=0.119 | π=-0.0002 V=0.2276 | H=[J0=0.208 J1=0.660 J2=0.480 J3=0.787 J4=0.885] | LR=4.48e-05 | 8.6s | ep0929 | EVENING_PEAK | main=1099 veh/hr | side=131 veh/hr | duration=320 steps
2026-04-30 05:23:38,655 [INFO]   Ep  940/1200 | scenario=MORNING_PEAK | R=-0.2078 (avg50=-0.1239) | Q=0.147 W=0.122 | π=-0.0001 V=0.3131 | H=[J0=0.714 J1=0.952 J2=0.863 J3=0.390 J4=0.107] | LR=4.24e-05 | 8.3s | ep0939 | MORNING_PEAK | main=1042 veh/hr | side=190 veh/hr | duration=366 steps
2026-04-30 05:25:10,074 [INFO]   Ep  950/1200 | scenario=MORNING_PEAK | R=-0.1552 (avg50=-0.1173) | Q=0.106 W=0.128 | π=-0.0002 V=0.2297 | H=[J0=0.593 J1=0.755 J2=0.750 J3=0.237 J4=0.090] | LR=4.00e-05 | 10.5s | ep0949 | MORNING_PEAK | main=863 veh/hr | side=200 veh/hr | duration=499 steps
2026-04-30 05:26:34,273 [INFO]   Ep  960/1200 | scenario=INCIDENT | R=-0.0167 (avg50=-0.1180) | Q=0.007 W=0.149 | π=-0.0002 V=0.0679 | H=[J0=0.100 J1=0.067 J2=0.261 J3=0.015 J4=0.009] | LR=3.77e-05 | 5.7s | ep0959 | INCIDENT | flow=300 veh/hr | junction=J0 | onset=128s | block=89s | duration=311 steps
2026-04-30 05:27:58,629 [INFO]   Ep  970/1200 | scenario=OFFPEAK | R=-0.0653 (avg50=-0.1229) | Q=0.054 W=0.141 | π=-0.0000 V=0.2136 | H=[J0=0.202 J1=0.270 J2=0.627 J3=0.215 J4=0.106] | LR=3.55e-05 | 8.2s | ep0969 | OFFPEAK | flow=384 veh/hr | duration=350 steps
2026-04-30 05:29:21,471 [INFO]   Ep  980/1200 | scenario=INCIDENT | R=-0.0460 (avg50=-0.1194) | Q=0.024 W=0.139 | π=-0.0004 V=0.2122 | H=[J0=0.214 J1=0.303 J2=0.534 J3=0.240 J4=0.217] | LR=3.34e-05 | 8.3s | ep0979 | INCIDENT | flow=283 veh/hr | junction=J4 | onset=53s | block=132s | duration=360 steps
2026-04-30 05:30:40,500 [INFO]   Ep  990/1200 | scenario=MORNING_PEAK | R=-0.1872 (avg50=-0.1240) | Q=0.139 W=0.124 | π=-0.0002 V=0.2341 | H=[J0=0.705 J1=0.896 J2=0.830 J3=0.257 J4=0.123] | LR=3.14e-05 | 10.0s | ep0989 | MORNING_PEAK | main=1003 veh/hr | side=223 veh/hr | duration=398 steps
2026-04-30 05:32:04,102 [INFO]   Ep 1000/1200 | scenario=INCIDENT | R=-0.0402 (avg50=-0.1218) | Q=0.018 W=0.145 | π=-0.0001 V=0.1493 | H=[J0=0.285 J1=0.367 J2=0.448 J3=0.049 J4=0.021] | LR=2.95e-05 | 7.7s | ep0999 | INCIDENT | flow=457 veh/hr | junction=J1 | onset=150s | block=58s | duration=332 steps
2026-04-30 05:32:04,118 [INFO]   → Checkpoint saved: X:\Yeni klasör\TraFixV5\trafix_v5\checkpoints\stage3_ep1000.pt
2026-04-30 05:33:20,588 [INFO]   Ep 1010/1200 | scenario=EVENING_PEAK | R=-0.1798 (avg50=-0.1153) | Q=0.112 W=0.119 | π=-0.0002 V=0.2850 | H=[J0=0.369 J1=0.592 J2=0.455 J3=0.832 J4=0.806] | LR=2.76e-05 | 8.9s | ep1009 | EVENING_PEAK | main=906 veh/hr | side=295 veh/hr | duration=343 steps
2026-04-30 05:34:39,003 [INFO]   Ep 1020/1200 | scenario=MORNING_PEAK | R=-0.1978 (avg50=-0.1148) | Q=0.136 W=0.118 | π=-0.0002 V=0.2899 | H=[J0=0.805 J1=1.000 J2=0.833 J3=0.263 J4=0.105] | LR=2.58e-05 | 8.1s | ep1019 | MORNING_PEAK | main=872 veh/hr | side=293 veh/hr | duration=336 steps
2026-04-30 05:36:01,601 [INFO]   Ep 1030/1200 | scenario=MORNING_PEAK | R=-0.2000 (avg50=-0.1171) | Q=0.145 W=0.122 | π=-0.0002 V=0.1927 | H=[J0=0.742 J1=0.952 J2=0.841 J3=0.280 J4=0.081] | LR=2.41e-05 | 8.6s | ep1029 | MORNING_PEAK | main=919 veh/hr | side=243 veh/hr | duration=354 steps
2026-04-30 05:37:25,337 [INFO]   Ep 1040/1200 | scenario=EVENING_PEAK | R=-0.2120 (avg50=-0.1159) | Q=0.141 W=0.119 | π=-0.0003 V=0.2936 | H=[J0=0.347 J1=0.632 J2=0.452 J3=0.861 J4=0.913] | LR=2.26e-05 | 8.2s | ep1039 | EVENING_PEAK | main=1045 veh/hr | side=157 veh/hr | duration=301 steps
2026-04-30 05:38:48,049 [INFO]   Ep 1050/1200 | scenario=OFFPEAK | R=-0.0651 (avg50=-0.1264) | Q=0.055 W=0.141 | π=-0.0001 V=0.1239 | H=[J0=0.226 J1=0.329 J2=0.616 J3=0.164 J4=0.101] | LR=2.11e-05 | 6.0s | ep1049 | OFFPEAK | flow=265 veh/hr | duration=383 steps
2026-04-30 05:40:04,302 [INFO]   Ep 1060/1200 | scenario=INCIDENT | R=-0.0461 (avg50=-0.1243) | Q=0.019 W=0.140 | π=-0.0001 V=0.1044 | H=[J0=0.158 J1=0.335 J2=0.382 J3=0.305 J4=0.121] | LR=1.96e-05 | 8.1s | ep1059 | INCIDENT | flow=352 veh/hr | junction=J3 | onset=183s | block=149s | duration=459 steps
2026-04-30 05:41:26,099 [INFO]   Ep 1070/1200 | scenario=MORNING_PEAK | R=-0.2125 (avg50=-0.1250) | Q=0.175 W=0.123 | π=-0.0001 V=0.1847 | H=[J0=0.795 J1=0.899 J2=0.936 J3=0.315 J4=0.089] | LR=1.83e-05 | 9.5s | ep1069 | MORNING_PEAK | main=1021 veh/hr | side=276 veh/hr | duration=416 steps
2026-04-30 05:42:47,582 [INFO]   Ep 1080/1200 | scenario=OFFPEAK | R=-0.0880 (avg50=-0.1240) | Q=0.068 W=0.134 | π=-0.0001 V=0.2130 | H=[J0=0.249 J1=0.476 J2=0.742 J3=0.317 J4=0.191] | LR=1.71e-05 | 9.1s | ep1079 | OFFPEAK | flow=413 veh/hr | duration=457 steps
2026-04-30 05:44:04,600 [INFO]   Ep 1090/1200 | scenario=INCIDENT | R=-0.0161 (avg50=-0.1314) | Q=0.007 W=0.148 | π=-0.0002 V=0.1275 | H=[J0=0.096 J1=0.108 J2=0.327 J3=0.022 J4=0.011] | LR=1.60e-05 | 7.0s | ep1089 | INCIDENT | flow=219 veh/hr | junction=J0 | onset=118s | block=135s | duration=343 steps
2026-04-30 05:45:24,920 [INFO]   Ep 1100/1200 | scenario=OFFPEAK | R=-0.1055 (avg50=-0.1280) | Q=0.089 W=0.132 | π=-0.0002 V=0.2069 | H=[J0=0.320 J1=0.473 J2=0.739 J3=0.409 J4=0.225] | LR=1.49e-05 | 8.4s | ep1099 | OFFPEAK | flow=492 veh/hr | duration=353 steps
2026-04-30 05:45:24,935 [INFO]   → Checkpoint saved: X:\Yeni klasör\TraFixV5\trafix_v5\checkpoints\stage3_ep1100.pt
2026-04-30 05:46:50,188 [INFO]   Ep 1110/1200 | scenario=MORNING_PEAK | R=-0.1642 (avg50=-0.1291) | Q=0.128 W=0.128 | π=-0.0002 V=0.1595 | H=[J0=0.621 J1=0.728 J2=0.820 J3=0.262 J4=0.110] | LR=1.40e-05 | 11.0s | ep1109 | MORNING_PEAK | main=878 veh/hr | side=208 veh/hr | duration=462 steps
2026-04-30 05:48:14,542 [INFO]   Ep 1120/1200 | scenario=OFFPEAK | R=-0.0445 (avg50=-0.1270) | Q=0.035 W=0.145 | π=-0.0001 V=0.1708 | H=[J0=0.181 J1=0.188 J2=0.502 J3=0.142 J4=0.064] | LR=1.32e-05 | 8.5s | ep1119 | OFFPEAK | flow=209 veh/hr | duration=386 steps
2026-04-30 05:49:36,306 [INFO]   Ep 1130/1200 | scenario=OFFPEAK | R=-0.0745 (avg50=-0.1264) | Q=0.062 W=0.136 | π=-0.0000 V=0.2333 | H=[J0=0.196 J1=0.344 J2=0.624 J3=0.261 J4=0.149] | LR=1.24e-05 | 7.9s | ep1129 | OFFPEAK | flow=473 veh/hr | duration=366 steps
2026-04-30 05:50:56,745 [INFO]   Ep 1140/1200 | scenario=EVENING_PEAK | R=-0.2273 (avg50=-0.1299) | Q=0.174 W=0.113 | π=-0.0001 V=0.2998 | H=[J0=0.387 J1=0.746 J2=0.580 J3=0.891 J4=0.874] | LR=1.18e-05 | 8.4s | ep1139 | EVENING_PEAK | main=1088 veh/hr | side=291 veh/hr | duration=439 steps
2026-04-30 05:52:13,907 [INFO]   Ep 1150/1200 | scenario=EVENING_PEAK | R=-0.2091 (avg50=-0.1241) | Q=0.135 W=0.122 | π=-0.0001 V=0.2402 | H=[J0=0.221 J1=0.585 J2=0.387 J3=0.840 J4=0.892] | LR=1.12e-05 | 8.6s | ep1149 | EVENING_PEAK | main=1195 veh/hr | side=115 veh/hr | duration=495 steps
2026-04-30 05:53:32,063 [INFO]   Ep 1160/1200 | scenario=INCIDENT | R=-0.0296 (avg50=-0.1244) | Q=0.014 W=0.148 | π=-0.0000 V=0.1481 | H=[J0=0.173 J1=0.222 J2=0.370 J3=0.022 J4=0.010] | LR=1.08e-05 | 6.9s | ep1159 | INCIDENT | flow=357 veh/hr | junction=J2 | onset=25s | block=56s | duration=340 steps
2026-04-30 05:54:50,569 [INFO]   Ep 1170/1200 | scenario=MORNING_PEAK | R=-0.1765 (avg50=-0.1230) | Q=0.124 W=0.122 | π=-0.0001 V=0.2030 | H=[J0=0.732 J1=0.899 J2=0.852 J3=0.275 J4=0.107] | LR=1.04e-05 | 9.6s | ep1169 | MORNING_PEAK | main=899 veh/hr | side=235 veh/hr | duration=331 steps
2026-04-30 05:56:08,756 [INFO]   Ep 1180/1200 | scenario=EVENING_PEAK | R=-0.1595 (avg50=-0.1219) | Q=0.089 W=0.121 | π=-0.0001 V=0.3324 | H=[J0=0.172 J1=0.553 J2=0.298 J3=0.869 J4=0.867] | LR=1.02e-05 | 8.0s | ep1179 | EVENING_PEAK | main=857 veh/hr | side=191 veh/hr | duration=353 steps
2026-04-30 05:57:27,478 [INFO]   Ep 1190/1200 | scenario=INCIDENT | R=-0.0577 (avg50=-0.1082) | Q=0.032 W=0.135 | π=-0.0001 V=0.1988 | H=[J0=0.167 J1=0.296 J2=0.514 J3=0.336 J4=0.326] | LR=1.00e-05 | 6.6s | ep1189 | INCIDENT | flow=380 veh/hr | junction=J4 | onset=115s | block=104s | duration=325 steps
2026-04-30 05:58:43,276 [INFO]   Ep 1200/1200 | scenario=EVENING_PEAK | R=-0.1982 (avg50=-0.1079) | Q=0.137 W=0.119 | π=-0.0001 V=0.2801 | H=[J0=0.235 J1=0.705 J2=0.476 J3=0.896 J4=0.903] | LR=1.00e-05 | 7.9s | ep1199 | EVENING_PEAK | main=840 veh/hr | side=294 veh/hr | duration=395 steps
2026-04-30 05:58:43,291 [INFO]   → Checkpoint saved: X:\Yeni klasör\TraFixV5\trafix_v5\checkpoints\stage3_ep1200.pt
2026-04-30 05:58:43,307 [INFO]   Final model saved → X:\Yeni klasör\TraFixV5\trafix_v5\checkpoints\trafix_v5_final.pt
2026-04-30 05:58:43,307 [INFO]   Best episode reward: -0.009347
