2026-04-18 21:15:12,275 [INFO] =======================================================
2026-04-18 21:15:12,275 [INFO]   TraFix Simple — Eğitim Başlıyor
2026-04-18 21:15:12,275 [INFO] =======================================================
2026-04-18 21:15:12,276 [INFO]   Cihaz: cpu
2026-04-18 21:15:12,991 [INFO]   Kavşak sayısı: 5
2026-04-18 21:15:13,976 [INFO]   Parametre sayısı: 29,797
2026-04-18 21:15:13,976 [INFO]   Episode: 0 → 300
2026-04-18 21:15:13,977 [INFO] =======================================================
2026-04-18 21:49:58,277 [INFO] =======================================================
2026-04-18 21:49:58,277 [INFO]   TraFix Simple — Eğitim Başlıyor
2026-04-18 21:49:58,277 [INFO] =======================================================
2026-04-18 21:49:58,289 [INFO]   Cihaz: cuda
2026-04-18 21:58:12,570 [INFO] =======================================================
2026-04-18 21:58:12,570 [INFO]   TraFix Simple — Eğitim Başlıyor
2026-04-18 21:58:12,570 [INFO] =======================================================
2026-04-18 21:58:12,584 [INFO]   Cihaz: cuda
2026-04-18 21:58:13,214 [INFO]   Kavşak sayısı: 5
2026-04-18 21:58:14,050 [INFO]   Parametre sayısı: 29,797
2026-04-18 21:58:14,050 [INFO]   Episode: 0 → 300
2026-04-18 21:58:14,050 [INFO] =======================================================
2026-04-18 21:58:37,803 [INFO] EP    0/300 | R=-1.4932 (avg50=-1.4932) | π=-0.0003 V=225.2644 H=1.3740 | spd=0.3 wait=118.4 | LR=1.50e-05 εH=0.0500 | 23.8s
2026-04-18 22:00:08,328 [INFO] EP    5/300 | R=-0.2206 (avg50=-0.9447) | π=-0.0032 V=1.7597 H=1.3622 | spd=4.5 wait=2.6 | LR=9.00e-05 εH=0.0500 | 16.1s
2026-04-18 22:01:39,360 [INFO] EP   10/300 | R=-0.3692 (avg50=-0.8482) | π=-0.0020 V=10.3931 H=1.3762 | spd=3.1 wait=9.9 | LR=1.65e-04 εH=0.0499 | 17.9s
2026-04-18 22:03:22,434 [INFO] EP   15/300 | R=-1.3469 (avg50=-1.0181) | π=-0.0025 V=5.1598 H=1.3156 | spd=0.5 wait=115.9 | LR=2.40e-04 εH=0.0499 | 19.2s
2026-04-18 22:04:47,184 [INFO] EP   20/300 | R=-0.2083 (avg50=-0.8598) | π=-0.0001 V=1.0982 H=1.3580 | spd=4.7 wait=2.3 | LR=3.00e-04 εH=0.0498 | 16.5s
2026-04-18 22:05:58,551 [INFO]   → Checkpoint: episode 25
2026-04-18 22:06:17,981 [INFO] EP   25/300 | R=-1.2828 (avg50=-0.8274) | π=-0.0025 V=17.0409 H=1.3597 | spd=0.7 wait=104.5 | LR=3.00e-04 εH=0.0498 | 19.4s
2026-04-18 22:07:49,655 [INFO] EP   30/300 | R=-1.4090 (avg50=-0.8435) | π=0.0002 V=16.6484 H=1.3070 | spd=0.4 wait=121.6 | LR=2.99e-04 εH=0.0497 | 20.7s
2026-04-18 22:09:20,262 [INFO] EP   35/300 | R=-1.4051 (avg50=-0.8466) | π=-0.0030 V=1.7497 H=1.2888 | spd=0.4 wait=126.6 | LR=2.98e-04 εH=0.0497 | 21.0s
2026-04-18 22:10:51,361 [INFO] EP   40/300 | R=-0.3661 (avg50=-0.8347) | π=-0.0004 V=18.7414 H=1.3834 | spd=3.0 wait=10.1 | LR=2.96e-04 εH=0.0496 | 16.7s
2026-04-18 22:12:15,404 [INFO] EP   45/300 | R=-0.4116 (avg50=-0.7989) | π=-0.0004 V=0.1549 H=1.3776 | spd=2.8 wait=14.4 | LR=2.94e-04 εH=0.0496 | 16.6s
2026-04-18 22:13:23,799 [INFO]   → Checkpoint: episode 50
2026-04-18 22:13:44,211 [INFO] EP   50/300 | R=-1.3671 (avg50=-0.7802) | π=-0.0001 V=2.4145 H=1.3794 | spd=0.4 wait=127.1 | LR=2.92e-04 εH=0.0495 | 20.4s
2026-04-18 22:15:22,011 [INFO] EP   55/300 | R=-0.4051 (avg50=-0.8136) | π=-0.0001 V=11.3726 H=1.3802 | spd=3.0 wait=8.5 | LR=2.89e-04 εH=0.0495 | 16.6s
2026-04-18 22:16:52,129 [INFO] EP   60/300 | R=-1.2663 (avg50=-0.8255) | π=-0.0001 V=14.0107 H=1.3801 | spd=0.7 wait=101.8 | LR=2.86e-04 εH=0.0494 | 18.4s
2026-04-18 22:18:22,766 [INFO] EP   65/300 | R=-0.6699 (avg50=-0.7674) | π=-0.0000 V=7.9675 H=1.3817 | spd=2.0 wait=25.1 | LR=2.82e-04 εH=0.0494 | 17.6s
2026-04-18 22:20:01,425 [INFO] EP   70/300 | R=-1.0295 (avg50=-0.8467) | π=-0.0001 V=8.9158 H=1.3833 | spd=1.4 wait=70.5 | LR=2.78e-04 εH=0.0493 | 17.9s
2026-04-18 22:20:32,049 [INFO] =======================================================
2026-04-18 22:20:32,049 [INFO]   TraFix Simple — Eğitim Başlıyor
2026-04-18 22:20:32,049 [INFO] =======================================================
2026-04-18 22:20:32,064 [INFO]   Cihaz: cuda
2026-04-18 22:20:32,678 [INFO]   Kavşak sayısı: 5
2026-04-18 22:20:33,514 [INFO]   Parametre sayısı: 29,797
2026-04-18 22:20:33,515 [INFO]   Episode: 0 → 300
2026-04-18 22:20:33,515 [INFO] =======================================================
2026-04-18 22:20:52,903 [INFO] EP    0/300 | R=-1.5015 (avg50=-1.5015) | π=-0.0001 V=229.9498 H=1.3756 | spd=0.3 wait=119.1 | LR=1.50e-05 εH=0.0500 | 19.4s
2026-04-18 22:22:05,681 [INFO] EP    5/300 | R=-0.2806 (avg50=-1.0087) | π=-0.0016 V=1.4886 H=1.3689 | spd=3.5 wait=5.7 | LR=9.00e-05 εH=0.0500 | 12.9s
2026-04-18 22:23:16,485 [INFO] EP   10/300 | R=-0.3753 (avg50=-0.8918) | π=-0.0013 V=2.8895 H=1.3589 | spd=3.1 wait=10.7 | LR=1.65e-04 εH=0.0499 | 13.3s
2026-04-18 22:24:36,250 [INFO] EP   15/300 | R=-1.1337 (avg50=-0.9807) | π=-0.0006 V=6.8339 H=1.3821 | spd=0.8 wait=108.7 | LR=2.40e-04 εH=0.0499 | 14.6s
2026-04-18 22:25:39,965 [INFO] EP   20/300 | R=-0.2249 (avg50=-0.8567) | π=-0.0002 V=8.5708 H=1.3836 | spd=4.2 wait=3.5 | LR=3.00e-04 εH=0.0498 | 12.2s
2026-04-18 22:26:34,556 [INFO]   → Checkpoint: episode 25
2026-04-18 22:26:50,024 [INFO] EP   25/300 | R=-1.3068 (avg50=-0.8275) | π=-0.0000 V=26.9099 H=1.3809 | spd=0.7 wait=103.3 | LR=3.00e-04 εH=0.0498 | 15.5s
2026-04-18 22:28:01,108 [INFO] EP   30/300 | R=-1.4052 (avg50=-0.8429) | π=0.0002 V=23.0562 H=1.3810 | spd=0.4 wait=137.7 | LR=2.99e-04 εH=0.0497 | 16.5s
2026-04-18 22:29:12,384 [INFO] EP   35/300 | R=-1.4545 (avg50=-0.8517) | π=-0.0004 V=3.0833 H=1.3801 | spd=0.3 wait=121.1 | LR=2.98e-04 εH=0.0497 | 17.0s
2026-04-18 22:30:23,360 [INFO] EP   40/300 | R=-0.4600 (avg50=-0.8428) | π=-0.0006 V=24.8160 H=1.3795 | spd=2.8 wait=11.6 | LR=2.96e-04 εH=0.0496 | 12.5s
2026-04-18 22:31:27,223 [INFO] EP   45/300 | R=-0.5125 (avg50=-0.8056) | π=-0.0001 V=1.4979 H=1.3769 | spd=2.4 wait=13.7 | LR=2.94e-04 εH=0.0496 | 13.3s
2026-04-18 22:32:19,073 [INFO]   → Checkpoint: episode 50
2026-04-18 22:32:34,873 [INFO] EP   50/300 | R=-1.3552 (avg50=-0.7905) | π=-0.0007 V=3.8981 H=1.3764 | spd=0.4 wait=127.6 | LR=2.92e-04 εH=0.0495 | 15.8s
2026-04-18 22:33:51,789 [INFO] EP   55/300 | R=-0.6404 (avg50=-0.8221) | π=0.0000 V=27.4545 H=1.3716 | spd=2.5 wait=34.1 | LR=2.89e-04 εH=0.0495 | 13.1s
2026-04-18 22:35:02,779 [INFO] EP   60/300 | R=-1.1660 (avg50=-0.8385) | π=-0.0002 V=16.5227 H=1.3780 | spd=0.8 wait=103.3 | LR=2.86e-04 εH=0.0494 | 14.7s
2026-04-18 22:36:14,056 [INFO] EP   65/300 | R=-0.9952 (avg50=-0.8100) | π=0.0000 V=20.9189 H=1.3756 | spd=1.2 wait=75.5 | LR=2.82e-04 εH=0.0494 | 13.6s
2026-04-18 22:37:30,049 [INFO] EP   70/300 | R=-0.4278 (avg50=-0.8676) | π=-0.0005 V=9.8682 H=1.3788 | spd=2.9 wait=11.7 | LR=2.78e-04 εH=0.0493 | 12.7s
2026-04-18 22:38:25,266 [INFO]   → Checkpoint: episode 75
2026-04-18 22:38:37,333 [INFO] EP   75/300 | R=-0.1904 (avg50=-0.8659) | π=-0.0001 V=17.1151 H=1.3762 | spd=4.6 wait=2.7 | LR=2.73e-04 εH=0.0493 | 12.1s
2026-04-18 22:39:38,956 [INFO] EP   80/300 | R=-0.4191 (avg50=-0.8078) | π=-0.0002 V=1.2199 H=1.3799 | spd=2.7 wait=14.4 | LR=2.68e-04 εH=0.0492 | 12.6s
2026-04-18 22:40:49,135 [INFO] EP   85/300 | R=-0.3182 (avg50=-0.7909) | π=0.0000 V=15.5955 H=1.3805 | spd=3.3 wait=7.5 | LR=2.63e-04 εH=0.0492 | 12.2s
2026-04-18 22:41:58,050 [INFO] EP   90/300 | R=-0.3961 (avg50=-0.8013) | π=-0.0009 V=9.3993 H=1.3793 | spd=3.2 wait=15.2 | LR=2.58e-04 εH=0.0491 | 12.1s
2026-04-18 22:43:03,290 [INFO] EP   95/300 | R=-0.1852 (avg50=-0.8005) | π=-0.0009 V=2.2962 H=1.3779 | spd=4.9 wait=2.8 | LR=2.52e-04 εH=0.0491 | 12.0s
2026-04-18 22:43:58,748 [INFO]   → Checkpoint: episode 100
2026-04-18 22:44:11,714 [INFO] EP  100/300 | R=-0.5006 (avg50=-0.8010) | π=-0.0008 V=3.0865 H=1.3707 | spd=2.3 wait=18.5 | LR=2.45e-04 εH=0.0490 | 13.0s
2026-04-18 22:45:17,388 [INFO] EP  105/300 | R=-0.5401 (avg50=-0.7352) | π=-0.0002 V=18.6528 H=1.3676 | spd=2.2 wait=20.1 | LR=2.39e-04 εH=0.0490 | 13.0s
2026-04-18 22:46:27,054 [INFO] EP  110/300 | R=-1.0037 (avg50=-0.7260) | π=-0.0004 V=25.1439 H=1.3824 | spd=1.3 wait=87.3 | LR=2.32e-04 εH=0.0489 | 13.8s
2026-04-18 22:47:39,722 [INFO] EP  115/300 | R=-1.2203 (avg50=-0.7426) | π=-0.0002 V=7.5446 H=1.3826 | spd=0.9 wait=95.7 | LR=2.25e-04 εH=0.0489 | 14.4s
2026-04-18 22:49:02,729 [INFO] =======================================================
2026-04-18 22:49:02,729 [INFO]   TraFix Simple — Eğitim Başlıyor
2026-04-18 22:49:02,729 [INFO] =======================================================
2026-04-18 22:49:02,744 [INFO]   Cihaz: cuda
2026-04-18 22:49:03,375 [INFO]   Kavşak sayısı: 5
2026-04-18 22:49:04,227 [INFO]   Parametre sayısı: 46,565
2026-04-18 22:49:04,227 [INFO]   Episode: 0 → 300
2026-04-18 22:49:04,228 [INFO] =======================================================
2026-04-18 22:49:24,564 [INFO] EP    0/300 | R=-1.5217 (avg50=-1.5217) | π=-0.0000 V=235.5449 H=1.3665 | spd=0.3 wait=129.1 | LR=1.50e-05 εH=0.0500 | 20.3s
2026-04-18 22:50:37,855 [INFO] EP    5/300 | R=-0.2367 (avg50=-0.9939) | π=-0.0002 V=4.9502 H=1.3592 | spd=4.2 wait=3.4 | LR=9.00e-05 εH=0.0500 | 12.4s
2026-04-18 22:51:48,613 [INFO] EP   10/300 | R=-0.3776 (avg50=-0.8821) | π=-0.0000 V=10.7433 H=1.3719 | spd=3.1 wait=11.5 | LR=1.65e-04 εH=0.0499 | 13.1s
2026-04-18 22:53:09,531 [INFO] EP   15/300 | R=-1.3410 (avg50=-0.9919) | π=-0.0000 V=161.8778 H=1.3751 | spd=0.5 wait=111.6 | LR=2.40e-04 εH=0.0499 | 15.7s
2026-04-18 22:54:14,312 [INFO] EP   20/300 | R=-0.1903 (avg50=-0.8581) | π=-0.0005 V=0.0738 H=1.3337 | spd=5.1 wait=2.0 | LR=3.00e-04 εH=0.0498 | 12.2s
2026-04-18 22:55:09,197 [INFO]   → Checkpoint: episode 25
2026-04-18 22:55:24,667 [INFO] EP   25/300 | R=-1.2968 (avg50=-0.8220) | π=-0.0000 V=131.9932 H=1.0436 | spd=0.7 wait=107.5 | LR=3.00e-04 εH=0.0498 | 15.5s
2026-04-18 22:56:38,538 [INFO] EP   30/300 | R=-1.4900 (avg50=-0.8350) | π=-0.0000 V=147.0959 H=1.0024 | spd=0.3 wait=135.0 | LR=2.99e-04 εH=0.0497 | 17.7s
2026-04-18 22:57:51,268 [INFO] EP   35/300 | R=-1.3577 (avg50=-0.8311) | π=-0.0000 V=109.7501 H=1.0841 | spd=0.5 wait=116.5 | LR=2.98e-04 εH=0.0497 | 17.4s
2026-04-18 22:59:03,819 [INFO] EP   40/300 | R=-0.3321 (avg50=-0.8177) | π=-0.0000 V=0.5884 H=1.0792 | spd=3.3 wait=7.2 | LR=2.96e-04 εH=0.0496 | 12.8s
2026-04-18 23:00:09,540 [INFO] EP   45/300 | R=-0.3432 (avg50=-0.7790) | π=-0.0006 V=0.2179 H=1.1706 | spd=3.5 wait=5.8 | LR=2.94e-04 εH=0.0496 | 13.0s
2026-04-18 23:01:01,838 [INFO]   → Checkpoint: episode 50
2026-04-18 23:01:18,187 [INFO] EP   50/300 | R=-1.3396 (avg50=-0.7499) | π=0.0000 V=107.0046 H=0.9190 | spd=0.5 wait=124.4 | LR=2.92e-04 εH=0.0495 | 16.3s
2026-04-18 23:02:38,111 [INFO] EP   55/300 | R=-0.2946 (avg50=-0.7812) | π=-0.0000 V=3.9652 H=0.8663 | spd=3.6 wait=5.7 | LR=2.89e-04 εH=0.0495 | 12.9s
2026-04-18 23:03:51,403 [INFO] EP   60/300 | R=-1.1989 (avg50=-0.7893) | π=0.0000 V=72.2157 H=0.9409 | spd=0.8 wait=106.7 | LR=2.86e-04 εH=0.0494 | 15.3s
2026-04-18 23:05:05,836 [INFO] EP   65/300 | R=-0.9167 (avg50=-0.7480) | π=-0.0001 V=44.5819 H=0.9383 | spd=1.5 wait=75.4 | LR=2.82e-04 εH=0.0494 | 14.5s
2026-04-18 23:06:26,077 [INFO] EP   70/300 | R=-0.9497 (avg50=-0.8137) | π=0.0001 V=35.6271 H=0.9536 | spd=1.4 wait=70.8 | LR=2.78e-04 εH=0.0493 | 14.3s
2026-04-18 23:07:24,470 [INFO]   → Checkpoint: episode 75
2026-04-18 23:07:36,556 [INFO] EP   75/300 | R=-0.1459 (avg50=-0.8196) | π=-0.0000 V=21.7360 H=1.0095 | spd=5.3 wait=1.7 | LR=2.73e-04 εH=0.0493 | 12.1s
2026-04-18 23:08:40,369 [INFO] EP   80/300 | R=-0.3251 (avg50=-0.7561) | π=0.0001 V=0.3754 H=1.0149 | spd=3.4 wait=7.1 | LR=2.68e-04 εH=0.0492 | 13.3s
2026-04-18 23:09:51,549 [INFO] EP   85/300 | R=-0.2577 (avg50=-0.7427) | π=-0.0000 V=1.2542 H=1.0577 | spd=3.9 wait=4.2 | LR=2.63e-04 εH=0.0492 | 12.4s
2026-04-18 23:11:03,113 [INFO] EP   90/300 | R=-0.2546 (avg50=-0.7532) | π=-0.0000 V=4.7758 H=1.1263 | spd=4.0 wait=4.3 | LR=2.58e-04 εH=0.0491 | 12.4s
2026-04-18 23:12:09,630 [INFO] EP   95/300 | R=-0.1675 (avg50=-0.7530) | π=0.0000 V=0.8604 H=1.2331 | spd=5.3 wait=1.8 | LR=2.52e-04 εH=0.0491 | 12.2s
2026-04-18 23:13:05,739 [INFO]   → Checkpoint: episode 100
2026-04-18 23:13:18,668 [INFO] EP  100/300 | R=-0.3088 (avg50=-0.7551) | π=-0.0000 V=1.2261 H=1.2013 | spd=3.5 wait=5.1 | LR=2.45e-04 εH=0.0490 | 12.9s
2026-04-18 23:14:26,599 [INFO] EP  105/300 | R=-0.7498 (avg50=-0.6918) | π=-0.0000 V=39.5212 H=1.2883 | spd=1.8 wait=44.7 | LR=2.39e-04 εH=0.0490 | 13.7s
2026-04-18 23:15:36,701 [INFO] EP  110/300 | R=-0.9519 (avg50=-0.6773) | π=0.0000 V=48.9428 H=1.2908 | spd=1.4 wait=76.0 | LR=2.32e-04 εH=0.0489 | 14.1s
2026-04-18 23:16:51,074 [INFO] EP  115/300 | R=-1.0955 (avg50=-0.7014) | π=0.0000 V=38.1492 H=1.3014 | spd=1.1 wait=93.6 | LR=2.25e-04 εH=0.0489 | 14.6s
2026-04-18 23:18:08,309 [INFO] EP  120/300 | R=-1.4350 (avg50=-0.7049) | π=0.0000 V=49.8783 H=1.3029 | spd=0.4 wait=122.1 | LR=2.18e-04 εH=0.0488 | 16.7s
2026-04-18 23:19:06,826 [INFO]   → Checkpoint: episode 125
2026-04-18 23:19:19,000 [INFO] EP  125/300 | R=-0.2219 (avg50=-0.7064) | π=-0.0001 V=16.8579 H=1.3567 | spd=4.4 wait=4.0 | LR=2.10e-04 εH=0.0488 | 12.2s
2026-04-18 23:20:24,015 [INFO] EP  130/300 | R=-0.1973 (avg50=-0.7247) | π=-0.0001 V=0.8233 H=1.3457 | spd=4.7 wait=3.1 | LR=2.03e-04 εH=0.0487 | 12.3s
2026-04-18 23:21:28,472 [INFO] EP  135/300 | R=-0.3718 (avg50=-0.6982) | π=-0.0000 V=1.6198 H=1.3660 | spd=3.0 wait=11.7 | LR=1.95e-04 εH=0.0487 | 13.1s
2026-04-18 23:22:39,167 [INFO] EP  140/300 | R=-1.3986 (avg50=-0.6872) | π=0.0000 V=81.5307 H=1.3366 | spd=0.4 wait=115.1 | LR=1.87e-04 εH=0.0486 | 16.6s
2026-04-18 23:23:48,846 [INFO] EP  145/300 | R=-0.4615 (avg50=-0.7123) | π=-0.0000 V=6.6624 H=1.3672 | spd=2.7 wait=13.9 | LR=1.79e-04 εH=0.0486 | 13.4s
2026-04-18 23:24:45,409 [INFO]   → Checkpoint: episode 150
2026-04-18 23:25:02,681 [INFO] EP  150/300 | R=-1.4436 (avg50=-0.7381) | π=-0.0001 V=41.1186 H=1.3189 | spd=0.4 wait=130.9 | LR=1.71e-04 εH=0.0485 | 17.3s
2026-04-18 23:26:22,464 [INFO] EP  155/300 | R=-1.4318 (avg50=-0.8156) | π=-0.0000 V=27.6625 H=1.3215 | spd=0.3 wait=125.0 | LR=1.63e-04 εH=0.0485 | 17.0s
2026-04-18 23:27:35,535 [INFO] EP  160/300 | R=-1.4411 (avg50=-0.8355) | π=0.0000 V=62.0809 H=1.3343 | spd=0.4 wait=121.8 | LR=1.55e-04 εH=0.0484 | 17.1s
2026-04-18 23:28:50,954 [INFO] EP  165/300 | R=-1.3740 (avg50=-0.8266) | π=0.0001 V=51.2775 H=1.3529 | spd=0.4 wait=125.4 | LR=1.47e-04 εH=0.0484 | 16.0s
2026-04-18 23:30:02,412 [INFO] EP  170/300 | R=-0.4245 (avg50=-0.7883) | π=-0.0001 V=3.6935 H=1.3605 | spd=2.8 wait=16.9 | LR=1.39e-04 εH=0.0483 | 12.9s
2026-04-18 23:31:02,689 [INFO]   → Checkpoint: episode 175
2026-04-18 23:31:15,742 [INFO] EP  175/300 | R=-0.3457 (avg50=-0.7897) | π=-0.0000 V=5.2221 H=1.3658 | spd=3.3 wait=9.3 | LR=1.31e-04 εH=0.0483 | 13.1s
2026-04-18 23:32:29,070 [INFO] EP  180/300 | R=-1.3148 (avg50=-0.8256) | π=-0.0000 V=128.7965 H=1.3511 | spd=0.5 wait=107.5 | LR=1.23e-04 εH=0.0482 | 16.4s
2026-04-18 23:33:39,984 [INFO] EP  185/300 | R=-1.1929 (avg50=-0.8712) | π=0.0001 V=141.2653 H=1.3492 | spd=0.9 wait=92.8 | LR=1.15e-04 εH=0.0482 | 14.9s
2026-04-18 23:34:55,296 [INFO] EP  190/300 | R=-1.4652 (avg50=-0.9025) | π=-0.0000 V=13.2193 H=1.3665 | spd=0.3 wait=136.8 | LR=1.07e-04 εH=0.0481 | 17.3s
2026-04-18 23:36:11,940 [INFO] EP  195/300 | R=-1.5175 (avg50=-0.9458) | π=-0.0000 V=56.1862 H=1.3375 | spd=0.3 wait=142.5 | LR=9.95e-05 εH=0.0481 | 17.8s
2026-04-18 23:37:09,997 [INFO]   → Checkpoint: episode 200
2026-04-18 23:37:24,753 [INFO] EP  200/300 | R=-1.1066 (avg50=-0.9600) | π=-0.0000 V=51.6713 H=1.3509 | spd=1.1 wait=81.7 | LR=9.21e-05 εH=0.0480 | 14.8s
2026-04-18 23:38:39,266 [INFO] EP  205/300 | R=-0.1913 (avg50=-0.9238) | π=-0.0000 V=8.7137 H=1.3679 | spd=5.0 wait=2.5 | LR=8.49e-05 εH=0.0480 | 12.2s
2026-04-18 23:39:51,970 [INFO] EP  210/300 | R=-1.4335 (avg50=-0.9079) | π=-0.0001 V=19.0786 H=1.3173 | spd=0.4 wait=124.5 | LR=7.79e-05 εH=0.0479 | 17.3s
2026-04-18 23:41:02,058 [INFO] EP  215/300 | R=-0.2827 (avg50=-0.8789) | π=-0.0000 V=3.3952 H=1.3703 | spd=3.6 wait=7.1 | LR=7.11e-05 εH=0.0479 | 12.7s
2026-04-18 23:42:15,042 [INFO] EP  220/300 | R=-0.4905 (avg50=-0.8862) | π=-0.0000 V=36.4750 H=1.3712 | spd=2.6 wait=16.0 | LR=6.46e-05 εH=0.0478 | 13.2s
2026-04-18 23:43:16,621 [INFO]   → Checkpoint: episode 225
2026-04-18 23:43:29,577 [INFO] EP  225/300 | R=-0.3776 (avg50=-0.9076) | π=-0.0000 V=4.1503 H=1.3701 | spd=3.0 wait=16.0 | LR=5.84e-05 εH=0.0478 | 13.0s
2026-04-18 23:44:40,685 [INFO] EP  230/300 | R=-0.2908 (avg50=-0.9082) | π=-0.0000 V=11.3949 H=1.3699 | spd=3.5 wait=6.4 | LR=5.25e-05 εH=0.0478 | 12.5s
2026-04-18 23:45:52,165 [INFO] EP  235/300 | R=-0.6861 (avg50=-0.9022) | π=-0.0000 V=116.6380 H=1.3592 | spd=2.0 wait=41.8 | LR=4.69e-05 εH=0.0477 | 13.6s
2026-04-18 23:47:09,194 [INFO] EP  240/300 | R=-1.4602 (avg50=-0.9035) | π=-0.0000 V=81.4000 H=1.3510 | spd=0.4 wait=114.6 | LR=4.16e-05 εH=0.0477 | 15.8s
2026-04-18 23:48:20,682 [INFO] EP  245/300 | R=-0.4182 (avg50=-0.8749) | π=-0.0000 V=2.0086 H=1.3715 | spd=2.9 wait=15.3 | LR=3.67e-05 εH=0.0476 | 12.9s
2026-04-18 23:49:15,949 [INFO]   → Checkpoint: episode 250
2026-04-18 23:49:29,978 [INFO] EP  250/300 | R=-0.9338 (avg50=-0.8332) | π=-0.0000 V=80.9872 H=1.3534 | spd=1.7 wait=58.6 | LR=3.22e-05 εH=0.0476 | 14.0s
2026-04-18 23:50:43,305 [INFO] EP  255/300 | R=-0.2298 (avg50=-0.8314) | π=-0.0000 V=1.6675 H=1.3725 | spd=4.2 wait=5.0 | LR=2.81e-05 εH=0.0475 | 12.5s
2026-04-18 23:51:56,069 [INFO] EP  260/300 | R=-1.0978 (avg50=-0.8605) | π=0.0000 V=97.8634 H=1.3471 | spd=1.1 wait=91.5 | LR=2.44e-05 εH=0.0475 | 14.7s
2026-04-18 23:53:03,944 [INFO] EP  265/300 | R=-0.8758 (avg50=-0.8527) | π=-0.0000 V=137.7195 H=1.3515 | spd=1.8 wait=57.6 | LR=2.10e-05 εH=0.0474 | 14.4s
2026-04-18 23:54:15,887 [INFO] EP  270/300 | R=-0.4271 (avg50=-0.8505) | π=-0.0000 V=35.6791 H=1.3724 | spd=2.9 wait=10.2 | LR=1.81e-05 εH=0.0474 | 13.0s
2026-04-18 23:55:18,201 [INFO]   → Checkpoint: episode 275
2026-04-18 23:55:35,490 [INFO] EP  275/300 | R=-1.4576 (avg50=-0.8650) | π=-0.0000 V=96.0894 H=1.3275 | spd=0.3 wait=122.1 | LR=1.57e-05 εH=0.0473 | 17.3s
2026-04-18 23:56:48,502 [INFO] EP  280/300 | R=-1.4219 (avg50=-0.8669) | π=-0.0000 V=89.4111 H=1.3284 | spd=0.4 wait=129.5 | LR=1.36e-05 εH=0.0473 | 16.7s
2026-04-18 23:57:56,099 [INFO] EP  285/300 | R=-0.3692 (avg50=-0.8382) | π=0.0000 V=6.3556 H=1.3739 | spd=3.1 wait=12.7 | LR=1.20e-05 εH=0.0472 | 13.0s
2026-04-18 23:59:11,512 [INFO] EP  290/300 | R=-1.1683 (avg50=-0.8291) | π=-0.0000 V=77.8768 H=1.3372 | spd=1.0 wait=88.6 | LR=1.09e-05 εH=0.0472 | 14.9s
2026-04-19 00:00:28,683 [INFO] EP  295/300 | R=-1.2133 (avg50=-0.8544) | π=-0.0000 V=49.5130 H=1.3350 | spd=0.9 wait=98.4 | LR=1.02e-05 εH=0.0471 | 15.6s
2026-04-19 00:01:29,511 [INFO]   → Checkpoint: episode 300
2026-04-19 00:01:29,526 [INFO] =======================================================
2026-04-19 00:01:29,526 [INFO]   EĞİTİM TAMAMLANDI
2026-04-19 00:01:29,526 [INFO]   En iyi ödül  : -0.144738
2026-04-19 00:01:29,526 [INFO]   Checkpoint   : coordinated_agent_weights_simple.pth
2026-04-19 00:01:29,526 [INFO] =======================================================
2026-04-19 09:48:49,830 [INFO] =======================================================
2026-04-19 09:48:49,830 [INFO]   TraFix Simple — Eğitim Başlıyor
2026-04-19 09:48:49,830 [INFO] =======================================================
2026-04-19 09:48:49,878 [INFO]   Cihaz: cuda
2026-04-19 09:48:50,498 [INFO]   Kavşak sayısı: 5
2026-04-19 09:48:51,622 [INFO]   Parametre sayısı: 46,565
2026-04-19 09:48:51,622 [INFO]   Episode: 0 → 50
2026-04-19 09:48:51,622 [INFO] =======================================================
2026-04-19 09:49:10,526 [INFO] EP    0/50 | R=-0.4775 (avg50=-0.4775) | π=-0.0000 V=23.4113 H=1.3646 | spd=0.3 wait=128.0 | LR=6.00e-05 εH=0.0500 | 18.9s
2026-04-19 09:50:24,898 [INFO] EP    5/50 | R=+0.1396 (avg50=-0.2101) | π=-0.0005 V=1.8160 H=1.3193 | spd=4.4 wait=2.3 | LR=3.00e-04 εH=0.0500 | 12.7s
2026-04-19 09:51:38,026 [INFO] EP   10/50 | R=+0.0701 (avg50=-0.1454) | π=0.0034 V=0.4121 H=1.3465 | spd=3.0 wait=9.9 | LR=2.91e-04 εH=0.0499 | 14.2s
2026-04-19 09:53:00,731 [INFO] EP   15/50 | R=-0.3228 (avg50=-0.2020) | π=-0.0001 V=12.0190 H=1.3610 | spd=0.9 wait=91.1 | LR=2.66e-04 εH=0.0499 | 15.6s
2026-04-19 09:54:08,203 [INFO] EP   20/50 | R=+0.1377 (avg50=-0.1328) | π=-0.0000 V=1.3173 H=1.3196 | spd=4.8 wait=1.9 | LR=2.27e-04 εH=0.0498 | 12.8s
2026-04-19 09:55:05,380 [INFO]   → Checkpoint: episode 25
2026-04-19 09:55:21,179 [INFO] EP   25/50 | R=-0.3953 (avg50=-0.1252) | π=-0.0001 V=21.1965 H=1.3657 | spd=0.6 wait=110.9 | LR=1.80e-04 εH=0.0498 | 15.8s
2026-04-19 09:58:46,813 [INFO] =======================================================
2026-04-19 09:58:46,813 [INFO]   TraFix Simple — Eğitim Başlıyor
2026-04-19 09:58:46,813 [INFO] =======================================================
2026-04-19 09:58:46,827 [INFO]   Cihaz: cuda
2026-04-19 09:58:47,441 [INFO]   Kavşak sayısı: 5
2026-04-19 09:58:48,264 [INFO]   Parametre sayısı: 46,565
2026-04-19 09:58:48,264 [INFO]   Episode: 0 → 400
2026-04-19 09:58:48,264 [INFO] =======================================================
2026-04-19 09:59:06,727 [INFO] EP    0/400 | R=-0.1512 (avg50=-0.1512) | π=-0.0000 V=0.9527 H=1.3670 | spd=0.3 wait=129.4 | LR=3.00e-06 εH=0.0500 | 18.5s
2026-04-19 10:00:20,021 [INFO] EP    5/400 | R=+0.1495 (avg50=-0.0305) | π=-0.0001 V=0.9450 H=1.3415 | spd=4.1 wait=4.0 | LR=1.80e-05 εH=0.0500 | 12.5s
2026-04-19 10:01:30,081 [INFO] EP   10/400 | R=+0.1181 (avg50=+0.0089) | π=-0.0000 V=0.9458 H=1.3490 | spd=2.9 wait=11.8 | LR=3.30e-05 εH=0.0499 | 13.0s
2026-04-19 10:02:51,029 [INFO] EP   15/400 | R=-0.1004 (avg50=-0.0176) | π=-0.0001 V=0.9453 H=1.3734 | spd=0.8 wait=93.6 | LR=4.80e-05 εH=0.0499 | 15.5s
2026-04-19 10:03:56,135 [INFO] EP   20/400 | R=+0.1591 (avg50=+0.0157) | π=-0.0001 V=0.9425 H=1.3629 | spd=4.1 wait=5.1 | LR=6.00e-05 εH=0.0498 | 12.3s
2026-04-19 10:04:51,557 [INFO]   → Checkpoint: episode 25
2026-04-19 10:05:07,122 [INFO] EP   25/400 | R=-0.0895 (avg50=+0.0206) | π=-0.0000 V=0.9411 H=1.3830 | spd=0.8 wait=105.7 | LR=6.00e-05 εH=0.0498 | 15.6s
2026-04-19 10:06:23,274 [INFO] EP   30/400 | R=-0.1419 (avg50=+0.0081) | π=-0.0001 V=0.9380 H=1.3840 | spd=0.3 wait=120.5 | LR=5.99e-05 εH=0.0497 | 17.6s
2026-04-19 10:07:37,685 [INFO] EP   35/400 | R=-0.1235 (avg50=+0.0057) | π=-0.0001 V=0.9357 H=1.3803 | spd=0.4 wait=132.1 | LR=5.98e-05 εH=0.0497 | 17.5s
2026-04-19 10:08:51,126 [INFO] EP   40/400 | R=+0.1245 (avg50=+0.0089) | π=-0.0001 V=0.9388 H=1.3773 | spd=3.0 wait=8.3 | LR=5.97e-05 εH=0.0496 | 13.0s
2026-04-19 10:09:56,684 [INFO] EP   45/400 | R=+0.1166 (avg50=+0.0197) | π=-0.0001 V=0.9402 H=1.3802 | spd=2.9 wait=12.8 | LR=5.95e-05 εH=0.0496 | 13.2s
2026-04-19 10:10:50,203 [INFO]   → Checkpoint: episode 50
2026-04-19 10:11:06,721 [INFO] EP   50/400 | R=-0.1170 (avg50=+0.0244) | π=-0.0001 V=0.9331 H=1.3776 | spd=0.5 wait=120.3 | LR=5.92e-05 εH=0.0495 | 16.5s
2026-04-19 10:12:25,857 [INFO] EP   55/400 | R=+0.1376 (avg50=+0.0189) | π=-0.0001 V=0.9452 H=1.3483 | spd=3.3 wait=10.3 | LR=5.90e-05 εH=0.0495 | 12.9s
2026-04-19 10:13:40,164 [INFO] EP   60/400 | R=-0.0748 (avg50=+0.0126) | π=-0.0001 V=0.9361 H=1.3326 | spd=0.7 wait=114.5 | LR=5.86e-05 εH=0.0494 | 15.5s
2026-04-19 10:14:54,492 [INFO] EP   65/400 | R=+0.0296 (avg50=+0.0218) | π=-0.0002 V=0.9393 H=1.3354 | spd=1.5 wait=66.4 | LR=5.83e-05 εH=0.0494 | 14.2s
2026-04-19 10:16:12,740 [INFO] EP   70/400 | R=+0.1156 (avg50=+0.0073) | π=-0.0001 V=0.9427 H=1.3483 | spd=2.8 wait=11.6 | LR=5.79e-05 εH=0.0493 | 13.3s
2026-04-19 10:17:09,946 [INFO]   → Checkpoint: episode 75
2026-04-19 10:17:22,008 [INFO] EP   75/400 | R=+0.1755 (avg50=+0.0092) | π=-0.0000 V=0.9257 H=1.3687 | spd=5.2 wait=1.9 | LR=5.75e-05 εH=0.0493 | 12.1s
2026-04-19 10:18:25,698 [INFO] EP   80/400 | R=+0.1392 (avg50=+0.0295) | π=-0.0000 V=0.9294 H=1.3546 | spd=3.1 wait=9.9 | LR=5.70e-05 εH=0.0492 | 12.9s
2026-04-19 10:19:38,193 [INFO] EP   85/400 | R=+0.1478 (avg50=+0.0347) | π=-0.0001 V=0.9379 H=1.3687 | spd=3.6 wait=5.6 | LR=5.65e-05 εH=0.0492 | 12.6s
2026-04-19 10:20:49,365 [INFO] EP   90/400 | R=+0.1632 (avg50=+0.0339) | π=-0.0001 V=0.9428 H=1.3575 | spd=3.9 wait=5.7 | LR=5.59e-05 εH=0.0491 | 12.8s
2026-04-19 10:21:56,333 [INFO] EP   95/400 | R=+0.1532 (avg50=+0.0324) | π=-0.0000 V=0.9359 H=1.3583 | spd=4.6 wait=3.4 | LR=5.53e-05 εH=0.0491 | 12.3s
2026-04-19 10:22:53,005 [INFO]   → Checkpoint: episode 100
2026-04-19 10:23:06,382 [INFO] EP  100/400 | R=+0.0907 (avg50=+0.0329) | π=-0.0000 V=0.9251 H=1.3649 | spd=2.4 wait=27.8 | LR=5.47e-05 εH=0.0490 | 13.4s
2026-04-19 10:24:14,215 [INFO] EP  105/400 | R=+0.1101 (avg50=+0.0479) | π=-0.0001 V=0.9387 H=1.3741 | spd=2.5 wait=14.9 | LR=5.41e-05 εH=0.0490 | 13.4s
2026-04-19 10:25:23,840 [INFO] EP  110/400 | R=+0.1256 (avg50=+0.0569) | π=-0.0001 V=0.9293 H=1.3598 | spd=2.9 wait=12.8 | LR=5.34e-05 εH=0.0489 | 13.2s
2026-04-19 10:26:38,823 [INFO] EP  115/400 | R=-0.0076 (avg50=+0.0526) | π=-0.0000 V=0.9341 H=1.3737 | spd=1.2 wait=79.8 | LR=5.27e-05 εH=0.0489 | 14.7s
2026-04-19 10:27:58,384 [INFO] EP  120/400 | R=-0.1127 (avg50=+0.0464) | π=-0.0001 V=0.9098 H=1.3715 | spd=0.5 wait=125.4 | LR=5.19e-05 εH=0.0488 | 16.5s
2026-04-19 10:28:57,594 [INFO]   → Checkpoint: episode 125
2026-04-19 10:29:09,844 [INFO] EP  125/400 | R=+0.1703 (avg50=+0.0444) | π=-0.0000 V=0.9294 H=1.3635 | spd=4.6 wait=4.3 | LR=5.12e-05 εH=0.0488 | 12.2s
2026-04-19 10:30:15,578 [INFO] EP  130/400 | R=+0.1713 (avg50=+0.0414) | π=-0.0001 V=0.9325 H=1.3719 | spd=4.7 wait=2.7 | LR=5.04e-05 εH=0.0487 | 12.3s
2026-04-19 10:31:20,974 [INFO] EP  135/400 | R=+0.1449 (avg50=+0.0503) | π=-0.0001 V=0.9044 H=1.3627 | spd=3.0 wait=11.4 | LR=4.95e-05 εH=0.0487 | 13.0s
2026-04-19 10:32:32,839 [INFO] EP  140/400 | R=-0.0953 (avg50=+0.0537) | π=-0.0001 V=0.9064 H=1.3540 | spd=0.4 wait=121.7 | LR=4.87e-05 εH=0.0486 | 16.8s
2026-04-19 10:33:43,366 [INFO] EP  145/400 | R=+0.1289 (avg50=+0.0509) | π=-0.0001 V=0.9326 H=1.3569 | spd=2.9 wait=17.0 | LR=4.78e-05 εH=0.0486 | 13.3s
2026-04-19 10:34:39,496 [INFO]   → Checkpoint: episode 150
2026-04-19 10:34:57,261 [INFO] EP  150/400 | R=-0.1301 (avg50=+0.0506) | π=-0.0001 V=0.9049 H=1.3583 | spd=0.3 wait=129.8 | LR=4.69e-05 εH=0.0485 | 17.8s
2026-04-19 10:36:17,648 [INFO] EP  155/400 | R=-0.1200 (avg50=+0.0347) | π=-0.0001 V=0.9094 H=1.3486 | spd=0.4 wait=132.7 | LR=4.60e-05 εH=0.0485 | 17.1s
2026-04-19 10:37:31,117 [INFO] EP  160/400 | R=-0.1344 (avg50=+0.0309) | π=-0.0001 V=0.9172 H=1.3503 | spd=0.3 wait=122.9 | LR=4.50e-05 εH=0.0484 | 17.6s
2026-04-19 10:38:46,565 [INFO] EP  165/400 | R=-0.1233 (avg50=+0.0343) | π=-0.0001 V=0.9103 H=1.3574 | spd=0.4 wait=122.9 | LR=4.41e-05 εH=0.0484 | 16.5s
2026-04-19 10:39:59,733 [INFO] EP  170/400 | R=+0.0876 (avg50=+0.0476) | π=-0.0000 V=0.9291 H=1.3564 | spd=2.1 wait=24.0 | LR=4.31e-05 εH=0.0483 | 14.2s
2026-04-19 10:41:00,352 [INFO]   → Checkpoint: episode 175
2026-04-19 10:41:13,059 [INFO] EP  175/400 | R=+0.1766 (avg50=+0.0501) | π=-0.0000 V=0.9628 H=1.3112 | spd=3.4 wait=7.6 | LR=4.21e-05 εH=0.0483 | 12.7s
2026-04-19 10:42:27,434 [INFO] EP  180/400 | R=-0.0942 (avg50=+0.0433) | π=-0.0001 V=0.9078 H=1.3417 | spd=0.5 wait=123.2 | LR=4.11e-05 εH=0.0482 | 16.8s
2026-04-19 10:43:39,199 [INFO] EP  185/400 | R=-0.0292 (avg50=+0.0345) | π=-0.0001 V=0.9259 H=1.3217 | spd=1.0 wait=91.9 | LR=4.01e-05 εH=0.0482 | 15.2s
2026-04-19 10:44:55,876 [INFO] EP  190/400 | R=-0.1262 (avg50=+0.0298) | π=-0.0001 V=0.9049 H=1.3238 | spd=0.3 wait=126.2 | LR=3.91e-05 εH=0.0481 | 18.9s
2026-04-19 10:46:14,424 [INFO] EP  195/400 | R=-0.1225 (avg50=+0.0191) | π=-0.0000 V=0.8965 H=1.3303 | spd=0.3 wait=124.2 | LR=3.81e-05 εH=0.0481 | 18.4s
2026-04-19 10:47:14,337 [INFO]   → Checkpoint: episode 200
2026-04-19 10:47:29,323 [INFO] EP  200/400 | R=-0.0313 (avg50=+0.0147) | π=-0.0001 V=0.9121 H=1.3072 | spd=0.9 wait=104.3 | LR=3.71e-05 εH=0.0480 | 15.0s
2026-04-19 10:48:46,037 [INFO] EP  205/400 | R=+0.2087 (avg50=+0.0222) | π=-0.0001 V=0.9136 H=1.2936 | spd=5.2 wait=1.9 | LR=3.60e-05 εH=0.0480 | 12.1s
2026-04-19 10:49:58,359 [INFO] EP  210/400 | R=-0.1151 (avg50=+0.0258) | π=-0.0001 V=0.9103 H=1.2837 | spd=0.3 wait=128.4 | LR=3.50e-05 εH=0.0479 | 17.6s
2026-04-19 10:51:08,612 [INFO] EP  215/400 | R=+0.2002 (avg50=+0.0350) | π=-0.0000 V=0.9318 H=1.2706 | spd=4.5 wait=3.1 | LR=3.40e-05 εH=0.0479 | 12.5s
2026-04-19 10:52:23,110 [INFO] EP  220/400 | R=+0.1683 (avg50=+0.0368) | π=-0.0001 V=0.9277 H=1.2711 | spd=3.1 wait=11.5 | LR=3.29e-05 εH=0.0478 | 13.0s
2026-04-19 10:53:26,486 [INFO]   → Checkpoint: episode 225
2026-04-19 10:53:39,315 [INFO] EP  225/400 | R=+0.1884 (avg50=+0.0299) | π=-0.0001 V=0.9386 H=1.2690 | spd=3.4 wait=6.4 | LR=3.19e-05 εH=0.0478 | 12.8s
2026-04-19 10:54:52,045 [INFO] EP  230/400 | R=+0.2029 (avg50=+0.0298) | π=-0.0001 V=0.9287 H=1.2869 | spd=4.0 wait=4.9 | LR=3.09e-05 εH=0.0478 | 12.5s
2026-04-19 10:56:02,996 [INFO] EP  235/400 | R=+0.1753 (avg50=+0.0368) | π=-0.0000 V=0.9204 H=1.2834 | spd=3.4 wait=8.9 | LR=2.99e-05 εH=0.0477 | 12.8s
2026-04-19 10:57:21,086 [INFO] EP  240/400 | R=-0.1050 (avg50=+0.0354) | π=-0.0000 V=0.9048 H=1.3163 | spd=0.5 wait=122.1 | LR=2.89e-05 εH=0.0477 | 15.8s
2026-04-19 10:58:34,665 [INFO] EP  245/400 | R=+0.1496 (avg50=+0.0415) | π=-0.0000 V=0.9179 H=1.2894 | spd=2.8 wait=14.0 | LR=2.79e-05 εH=0.0476 | 13.4s
2026-04-19 10:59:29,731 [INFO]   → Checkpoint: episode 250
2026-04-19 10:59:43,282 [INFO] EP  250/400 | R=+0.1236 (avg50=+0.0544) | π=-0.0000 V=0.9203 H=1.2975 | spd=2.3 wait=21.8 | LR=2.69e-05 εH=0.0476 | 13.6s
2026-04-19 11:00:56,707 [INFO] EP  255/400 | R=+0.2122 (avg50=+0.0573) | π=-0.0000 V=0.9481 H=1.3119 | spd=5.2 wait=2.0 | LR=2.59e-05 εH=0.0475 | 12.1s
2026-04-19 11:02:11,626 [INFO] EP  260/400 | R=+0.1302 (avg50=+0.0527) | π=-0.0000 V=0.9175 H=1.2966 | spd=2.5 wait=14.1 | LR=2.50e-05 εH=0.0475 | 15.0s
2026-04-19 11:03:23,350 [INFO] EP  265/400 | R=+0.0668 (avg50=+0.0535) | π=-0.0001 V=0.9240 H=1.2801 | spd=1.9 wait=52.4 | LR=2.40e-05 εH=0.0474 | 14.4s
2026-04-19 11:04:36,084 [INFO] EP  270/400 | R=+0.1773 (avg50=+0.0564) | π=-0.0000 V=0.9547 H=1.2638 | spd=3.3 wait=9.6 | LR=2.31e-05 εH=0.0474 | 12.9s
2026-04-19 11:05:37,241 [INFO]   → Checkpoint: episode 275
2026-04-19 11:05:54,677 [INFO] EP  275/400 | R=-0.1082 (avg50=+0.0572) | π=-0.0000 V=0.8932 H=1.2921 | spd=0.2 wait=131.8 | LR=2.22e-05 εH=0.0473 | 17.4s
2026-04-19 11:07:07,061 [INFO] EP  280/400 | R=-0.0900 (avg50=+0.0578) | π=-0.0000 V=0.9160 H=1.2960 | spd=0.4 wait=130.8 | LR=2.13e-05 εH=0.0473 | 17.1s
